The system is: Linux - 5.15.0-101-generic - x86_64
Compiling the C compiler identification source file "CMakeCCompilerId.c" succeeded.
Compiler: /home/nemanja/x-tools/arm-etfbl-linux-gnueabihf/bin/arm-linux-gcc 
Build flags: 
Id flags:  

The output was:
0


Compilation of the C compiler identification source "CMakeCCompilerId.c" produced "a.out"

The C compiler identification is GNU, found in "/home/nemanja/urs-2024/lab-02/hello/build/CMakeFiles/3.16.3/CompilerIdC/a.out"

Compiling the CXX compiler identification source file "CMakeCXXCompilerId.cpp" succeeded.
Compiler: /usr/bin/c++ 
Build flags: 
Id flags:  

The output was:
0


Compilation of the CXX compiler identification source "CMakeCXXCompilerId.cpp" produced "a.out"

The CXX compiler identification is GNU, found in "/home/nemanja/urs-2024/lab-02/hello/build/CMakeFiles/3.16.3/CompilerIdCXX/a.out"

Determining if the C compiler works passed with the following output:
Change Dir: /home/nemanja/urs-2024/lab-02/hello/build/CMakeFiles/CMakeTmp

Run Build Command(s):/usr/bin/make cmTC_0f9bc/fast && /usr/bin/make -f CMakeFiles/cmTC_0f9bc.dir/build.make CMakeFiles/cmTC_0f9bc.dir/build
make[1]: Entering directory '/home/nemanja/urs-2024/lab-02/hello/build/CMakeFiles/CMakeTmp'
Building C object CMakeFiles/cmTC_0f9bc.dir/testCCompiler.c.o
/home/nemanja/x-tools/arm-etfbl-linux-gnueabihf/bin/arm-linux-gcc    -o CMakeFiles/cmTC_0f9bc.dir/testCCompiler.c.o   -c /home/nemanja/urs-2024/lab-02/hello/build/CMakeFiles/CMakeTmp/testCCompiler.c
Linking C executable cmTC_0f9bc
/usr/bin/cmake -E cmake_link_script CMakeFiles/cmTC_0f9bc.dir/link.txt --verbose=1
/home/nemanja/x-tools/arm-etfbl-linux-gnueabihf/bin/arm-linux-gcc      -rdynamic CMakeFiles/cmTC_0f9bc.dir/testCCompiler.c.o  -o cmTC_0f9bc 
make[1]: Leaving directory '/home/nemanja/urs-2024/lab-02/hello/build/CMakeFiles/CMakeTmp'



Detecting C compiler ABI info compiled with the following output:
Change Dir: /home/nemanja/urs-2024/lab-02/hello/build/CMakeFiles/CMakeTmp

Run Build Command(s):/usr/bin/make cmTC_f28db/fast && /usr/bin/make -f CMakeFiles/cmTC_f28db.dir/build.make CMakeFiles/cmTC_f28db.dir/build
make[1]: Entering directory '/home/nemanja/urs-2024/lab-02/hello/build/CMakeFiles/CMakeTmp'
Building C object CMakeFiles/cmTC_f28db.dir/CMakeCCompilerABI.c.o
/home/nemanja/x-tools/arm-etfbl-linux-gnueabihf/bin/arm-linux-gcc   -v -o CMakeFiles/cmTC_f28db.dir/CMakeCCompilerABI.c.o   -c /usr/share/cmake-3.16/Modules/CMakeCCompilerABI.c
Using built-in specs.
COLLECT_GCC=/home/nemanja/x-tools/arm-etfbl-linux-gnueabihf/bin/arm-linux-gcc
Target: arm-etfbl-linux-gnueabihf
Configured with: /home/nemanja/crosstool-ng/.build/arm-etfbl-linux-gnueabihf/src/gcc/configure --build=x86_64-build_pc-linux-gnu --host=x86_64-build_pc-linux-gnu --target=arm-etfbl-linux-gnueabihf --prefix=/home/nemanja/x-tools/arm-etfbl-linux-gnueabihf --exec_prefix=/home/nemanja/x-tools/arm-etfbl-linux-gnueabihf --with-sysroot=/home/nemanja/x-tools/arm-etfbl-linux-gnueabihf/arm-etfbl-linux-gnueabihf/sysroot --enable-languages=c,c++ --with-cpu=cortex-a9 --with-fpu=neon --with-float=hard --with-pkgversion='crosstool-NG 1.26.0' --enable-__cxa_atexit --disable-libmudflap --disable-libgomp --disable-libssp --disable-libquadmath --disable-libquadmath-support --disable-libsanitizer --disable-libmpx --with-gmp=/home/nemanja/crosstool-ng/.build/arm-etfbl-linux-gnueabihf/buildtools --with-mpfr=/home/nemanja/crosstool-ng/.build/arm-etfbl-linux-gnueabihf/buildtools --with-mpc=/home/nemanja/crosstool-ng/.build/arm-etfbl-linux-gnueabihf/buildtools --with-isl=/home/nemanja/crosstool-ng/.build/arm-etfbl-linux-gnueabihf/buildtools --enable-lto --enable-threads=posix --enable-plugin --enable-gold --with-libintl-prefix=/home/nemanja/crosstool-ng/.build/arm-etfbl-linux-gnueabihf/buildtools --disable-multilib --with-local-prefix=/home/nemanja/x-tools/arm-etfbl-linux-gnueabihf/arm-etfbl-linux-gnueabihf/sysroot --enable-long-long
Thread model: posix
Supported LTO compression algorithms: zlib zstd
gcc version 13.2.0 (crosstool-NG 1.26.0) 
COLLECT_GCC_OPTIONS='-v' '-o' 'CMakeFiles/cmTC_f28db.dir/CMakeCCompilerABI.c.o' '-c' '-mcpu=cortex-a9' '-mfloat-abi=hard' '-mfpu=neon' '-mtls-dialect=gnu' '-marm' '-mlibarch=armv7-a+mp+sec+simd' '-march=armv7-a+mp+sec+simd' '-dumpdir' 'CMakeFiles/cmTC_f28db.dir/'
 /home/nemanja/x-tools/arm-etfbl-linux-gnueabihf/libexec/gcc/arm-etfbl-linux-gnueabihf/13.2.0/cc1 -quiet -v /usr/share/cmake-3.16/Modules/CMakeCCompilerABI.c -quiet -dumpdir CMakeFiles/cmTC_f28db.dir/ -dumpbase CMakeCCompilerABI.c.c -dumpbase-ext .c -mcpu=cortex-a9 -mfloat-abi=hard -mfpu=neon -mtls-dialect=gnu -marm -mlibarch=armv7-a+mp+sec+simd -march=armv7-a+mp+sec+simd -version -o /tmp/ccweIQCW.s
GNU C17 (crosstool-NG 1.26.0) version 13.2.0 (arm-etfbl-linux-gnueabihf)
	compiled by GNU C version 9.4.0, GMP version 6.2.1, MPFR version 4.2.1, MPC version 1.2.1, isl version isl-0.26-GMP

GGC heuristics: --param ggc-min-expand=100 --param ggc-min-heapsize=131072
ignoring nonexistent directory "/home/nemanja/x-tools/arm-etfbl-linux-gnueabihf/arm-etfbl-linux-gnueabihf/sysroot/home/nemanja/x-tools/arm-etfbl-linux-gnueabihf/arm-etfbl-linux-gnueabihf/sysroot/include"
#include "..." search starts here:
#include <...> search starts here:
 /home/nemanja/x-tools/arm-etfbl-linux-gnueabihf/lib/gcc/arm-etfbl-linux-gnueabihf/13.2.0/include
 /home/nemanja/x-tools/arm-etfbl-linux-gnueabihf/lib/gcc/arm-etfbl-linux-gnueabihf/13.2.0/include-fixed
 /home/nemanja/x-tools/arm-etfbl-linux-gnueabihf/lib/gcc/arm-etfbl-linux-gnueabihf/13.2.0/../../../../arm-etfbl-linux-gnueabihf/include
 /home/nemanja/x-tools/arm-etfbl-linux-gnueabihf/arm-etfbl-linux-gnueabihf/sysroot/usr/include
End of search list.
Compiler executable checksum: 8f509309f7dfbfb760a7ca02e435d94a
COLLECT_GCC_OPTIONS='-v' '-o' 'CMakeFiles/cmTC_f28db.dir/CMakeCCompilerABI.c.o' '-c' '-mcpu=cortex-a9' '-mfloat-abi=hard' '-mfpu=neon' '-mtls-dialect=gnu' '-marm' '-mlibarch=armv7-a+mp+sec+simd' '-march=armv7-a+mp+sec+simd' '-dumpdir' 'CMakeFiles/cmTC_f28db.dir/'
 /home/nemanja/x-tools/arm-etfbl-linux-gnueabihf/lib/gcc/arm-etfbl-linux-gnueabihf/13.2.0/../../../../arm-etfbl-linux-gnueabihf/bin/as -v -march=armv7-a+mp+sec+simd -mfloat-abi=hard -mfpu=neon -meabi=5 -o CMakeFiles/cmTC_f28db.dir/CMakeCCompilerABI.c.o /tmp/ccweIQCW.s
GNU assembler version 2.40 (arm-etfbl-linux-gnueabihf) using BFD version (crosstool-NG 1.26.0) 2.40
COMPILER_PATH=/home/nemanja/x-tools/arm-etfbl-linux-gnueabihf/libexec/gcc/arm-etfbl-linux-gnueabihf/13.2.0/:/home/nemanja/x-tools/arm-etfbl-linux-gnueabihf/libexec/gcc/arm-etfbl-linux-gnueabihf/13.2.0/:/home/nemanja/x-tools/arm-etfbl-linux-gnueabihf/libexec/gcc/arm-etfbl-linux-gnueabihf/:/home/nemanja/x-tools/arm-etfbl-linux-gnueabihf/lib/gcc/arm-etfbl-linux-gnueabihf/13.2.0/:/home/nemanja/x-tools/arm-etfbl-linux-gnueabihf/lib/gcc/arm-etfbl-linux-gnueabihf/:/home/nemanja/x-tools/arm-etfbl-linux-gnueabihf/lib/gcc/arm-etfbl-linux-gnueabihf/13.2.0/../../../../arm-etfbl-linux-gnueabihf/bin/
LIBRARY_PATH=/home/nemanja/x-tools/arm-etfbl-linux-gnueabihf/lib/gcc/arm-etfbl-linux-gnueabihf/13.2.0/:/home/nemanja/x-tools/arm-etfbl-linux-gnueabihf/lib/gcc/arm-etfbl-linux-gnueabihf/13.2.0/../../../../arm-etfbl-linux-gnueabihf/lib/:/home/nemanja/x-tools/arm-etfbl-linux-gnueabihf/arm-etfbl-linux-gnueabihf/sysroot/lib/:/home/nemanja/x-tools/arm-etfbl-linux-gnueabihf/arm-etfbl-linux-gnueabihf/sysroot/usr/lib/
COLLECT_GCC_OPTIONS='-v' '-o' 'CMakeFiles/cmTC_f28db.dir/CMakeCCompilerABI.c.o' '-c' '-mcpu=cortex-a9' '-mfloat-abi=hard' '-mfpu=neon' '-mtls-dialect=gnu' '-marm' '-mlibarch=armv7-a+mp+sec+simd' '-march=armv7-a+mp+sec+simd' '-dumpdir' 'CMakeFiles/cmTC_f28db.dir/CMakeCCompilerABI.c.'
Linking C executable cmTC_f28db
/usr/bin/cmake -E cmake_link_script CMakeFiles/cmTC_f28db.dir/link.txt --verbose=1
/home/nemanja/x-tools/arm-etfbl-linux-gnueabihf/bin/arm-linux-gcc     -v -rdynamic CMakeFiles/cmTC_f28db.dir/CMakeCCompilerABI.c.o  -o cmTC_f28db 
Using built-in specs.
COLLECT_GCC=/home/nemanja/x-tools/arm-etfbl-linux-gnueabihf/bin/arm-linux-gcc
COLLECT_LTO_WRAPPER=/home/nemanja/x-tools/arm-etfbl-linux-gnueabihf/libexec/gcc/arm-etfbl-linux-gnueabihf/13.2.0/lto-wrapper
Target: arm-etfbl-linux-gnueabihf
Configured with: /home/nemanja/crosstool-ng/.build/arm-etfbl-linux-gnueabihf/src/gcc/configure --build=x86_64-build_pc-linux-gnu --host=x86_64-build_pc-linux-gnu --target=arm-etfbl-linux-gnueabihf --prefix=/home/nemanja/x-tools/arm-etfbl-linux-gnueabihf --exec_prefix=/home/nemanja/x-tools/arm-etfbl-linux-gnueabihf --with-sysroot=/home/nemanja/x-tools/arm-etfbl-linux-gnueabihf/arm-etfbl-linux-gnueabihf/sysroot --enable-languages=c,c++ --with-cpu=cortex-a9 --with-fpu=neon --with-float=hard --with-pkgversion='crosstool-NG 1.26.0' --enable-__cxa_atexit --disable-libmudflap --disable-libgomp --disable-libssp --disable-libquadmath --disable-libquadmath-support --disable-libsanitizer --disable-libmpx --with-gmp=/home/nemanja/crosstool-ng/.build/arm-etfbl-linux-gnueabihf/buildtools --with-mpfr=/home/nemanja/crosstool-ng/.build/arm-etfbl-linux-gnueabihf/buildtools --with-mpc=/home/nemanja/crosstool-ng/.build/arm-etfbl-linux-gnueabihf/buildtools --with-isl=/home/nemanja/crosstool-ng/.build/arm-etfbl-linux-gnueabihf/buildtools --enable-lto --enable-threads=posix --enable-plugin --enable-gold --with-libintl-prefix=/home/nemanja/crosstool-ng/.build/arm-etfbl-linux-gnueabihf/buildtools --disable-multilib --with-local-prefix=/home/nemanja/x-tools/arm-etfbl-linux-gnueabihf/arm-etfbl-linux-gnueabihf/sysroot --enable-long-long
Thread model: posix
Supported LTO compression algorithms: zlib zstd
gcc version 13.2.0 (crosstool-NG 1.26.0) 
COMPILER_PATH=/home/nemanja/x-tools/arm-etfbl-linux-gnueabihf/libexec/gcc/arm-etfbl-linux-gnueabihf/13.2.0/:/home/nemanja/x-tools/arm-etfbl-linux-gnueabihf/libexec/gcc/arm-etfbl-linux-gnueabihf/13.2.0/:/home/nemanja/x-tools/arm-etfbl-linux-gnueabihf/libexec/gcc/arm-etfbl-linux-gnueabihf/:/home/nemanja/x-tools/arm-etfbl-linux-gnueabihf/lib/gcc/arm-etfbl-linux-gnueabihf/13.2.0/:/home/nemanja/x-tools/arm-etfbl-linux-gnueabihf/lib/gcc/arm-etfbl-linux-gnueabihf/:/home/nemanja/x-tools/arm-etfbl-linux-gnueabihf/lib/gcc/arm-etfbl-linux-gnueabihf/13.2.0/../../../../arm-etfbl-linux-gnueabihf/bin/
LIBRARY_PATH=/home/nemanja/x-tools/arm-etfbl-linux-gnueabihf/lib/gcc/arm-etfbl-linux-gnueabihf/13.2.0/:/home/nemanja/x-tools/arm-etfbl-linux-gnueabihf/lib/gcc/arm-etfbl-linux-gnueabihf/13.2.0/../../../../arm-etfbl-linux-gnueabihf/lib/:/home/nemanja/x-tools/arm-etfbl-linux-gnueabihf/arm-etfbl-linux-gnueabihf/sysroot/lib/:/home/nemanja/x-tools/arm-etfbl-linux-gnueabihf/arm-etfbl-linux-gnueabihf/sysroot/usr/lib/
COLLECT_GCC_OPTIONS='-v' '-rdynamic' '-o' 'cmTC_f28db' '-mcpu=cortex-a9' '-mfloat-abi=hard' '-mfpu=neon' '-mtls-dialect=gnu' '-marm' '-mlibarch=armv7-a+mp+sec+simd' '-march=armv7-a+mp+sec+simd' '-dumpdir' 'cmTC_f28db.'
 /home/nemanja/x-tools/arm-etfbl-linux-gnueabihf/libexec/gcc/arm-etfbl-linux-gnueabihf/13.2.0/collect2 -plugin /home/nemanja/x-tools/arm-etfbl-linux-gnueabihf/libexec/gcc/arm-etfbl-linux-gnueabihf/13.2.0/liblto_plugin.so -plugin-opt=/home/nemanja/x-tools/arm-etfbl-linux-gnueabihf/libexec/gcc/arm-etfbl-linux-gnueabihf/13.2.0/lto-wrapper -plugin-opt=-fresolution=/tmp/cczsDZFo.res -plugin-opt=-pass-through=-lgcc -plugin-opt=-pass-through=-lgcc_s -plugin-opt=-pass-through=-lc -plugin-opt=-pass-through=-lgcc -plugin-opt=-pass-through=-lgcc_s --sysroot=/home/nemanja/x-tools/arm-etfbl-linux-gnueabihf/arm-etfbl-linux-gnueabihf/sysroot --eh-frame-hdr -export-dynamic -dynamic-linker /lib/ld-linux-armhf.so.3 -X -m armelf_linux_eabi -o cmTC_f28db /home/nemanja/x-tools/arm-etfbl-linux-gnueabihf/arm-etfbl-linux-gnueabihf/sysroot/usr/lib/crt1.o /home/nemanja/x-tools/arm-etfbl-linux-gnueabihf/arm-etfbl-linux-gnueabihf/sysroot/usr/lib/crti.o /home/nemanja/x-tools/arm-etfbl-linux-gnueabihf/lib/gcc/arm-etfbl-linux-gnueabihf/13.2.0/crtbegin.o -L/home/nemanja/x-tools/arm-etfbl-linux-gnueabihf/lib/gcc/arm-etfbl-linux-gnueabihf/13.2.0 -L/home/nemanja/x-tools/arm-etfbl-linux-gnueabihf/lib/gcc/arm-etfbl-linux-gnueabihf/13.2.0/../../../../arm-etfbl-linux-gnueabihf/lib -L/home/nemanja/x-tools/arm-etfbl-linux-gnueabihf/arm-etfbl-linux-gnueabihf/sysroot/lib -L/home/nemanja/x-tools/arm-etfbl-linux-gnueabihf/arm-etfbl-linux-gnueabihf/sysroot/usr/lib CMakeFiles/cmTC_f28db.dir/CMakeCCompilerABI.c.o -lgcc --push-state --as-needed -lgcc_s --pop-state -lc -lgcc --push-state --as-needed -lgcc_s --pop-state /home/nemanja/x-tools/arm-etfbl-linux-gnueabihf/lib/gcc/arm-etfbl-linux-gnueabihf/13.2.0/crtend.o /home/nemanja/x-tools/arm-etfbl-linux-gnueabihf/arm-etfbl-linux-gnueabihf/sysroot/usr/lib/crtn.o
COLLECT_GCC_OPTIONS='-v' '-rdynamic' '-o' 'cmTC_f28db' '-mcpu=cortex-a9' '-mfloat-abi=hard' '-mfpu=neon' '-mtls-dialect=gnu' '-marm' '-mlibarch=armv7-a+mp+sec+simd' '-march=armv7-a+mp+sec+simd' '-dumpdir' 'cmTC_f28db.'
make[1]: Leaving directory '/home/nemanja/urs-2024/lab-02/hello/build/CMakeFiles/CMakeTmp'



Parsed C implicit include dir info from above output: rv=done
  found start of include info
  found start of implicit include info
    add: [/home/nemanja/x-tools/arm-etfbl-linux-gnueabihf/lib/gcc/arm-etfbl-linux-gnueabihf/13.2.0/include]
    add: [/home/nemanja/x-tools/arm-etfbl-linux-gnueabihf/lib/gcc/arm-etfbl-linux-gnueabihf/13.2.0/include-fixed]
    add: [/home/nemanja/x-tools/arm-etfbl-linux-gnueabihf/lib/gcc/arm-etfbl-linux-gnueabihf/13.2.0/../../../../arm-etfbl-linux-gnueabihf/include]
    add: [/home/nemanja/x-tools/arm-etfbl-linux-gnueabihf/arm-etfbl-linux-gnueabihf/sysroot/usr/include]
  end of search list found
  collapse include dir [/home/nemanja/x-tools/arm-etfbl-linux-gnueabihf/lib/gcc/arm-etfbl-linux-gnueabihf/13.2.0/include] ==> [/home/nemanja/x-tools/arm-etfbl-linux-gnueabihf/lib/gcc/arm-etfbl-linux-gnueabihf/13.2.0/include]
  collapse include dir [/home/nemanja/x-tools/arm-etfbl-linux-gnueabihf/lib/gcc/arm-etfbl-linux-gnueabihf/13.2.0/include-fixed] ==> [/home/nemanja/x-tools/arm-etfbl-linux-gnueabihf/lib/gcc/arm-etfbl-linux-gnueabihf/13.2.0/include-fixed]
  collapse include dir [/home/nemanja/x-tools/arm-etfbl-linux-gnueabihf/lib/gcc/arm-etfbl-linux-gnueabihf/13.2.0/../../../../arm-etfbl-linux-gnueabihf/include] ==> [/home/nemanja/x-tools/arm-etfbl-linux-gnueabihf/arm-etfbl-linux-gnueabihf/include]
  collapse include dir [/home/nemanja/x-tools/arm-etfbl-linux-gnueabihf/arm-etfbl-linux-gnueabihf/sysroot/usr/include] ==> [/home/nemanja/x-tools/arm-etfbl-linux-gnueabihf/arm-etfbl-linux-gnueabihf/sysroot/usr/include]
  implicit include dirs: [/home/nemanja/x-tools/arm-etfbl-linux-gnueabihf/lib/gcc/arm-etfbl-linux-gnueabihf/13.2.0/include;/home/nemanja/x-tools/arm-etfbl-linux-gnueabihf/lib/gcc/arm-etfbl-linux-gnueabihf/13.2.0/include-fixed;/home/nemanja/x-tools/arm-etfbl-linux-gnueabihf/arm-etfbl-linux-gnueabihf/include;/home/nemanja/x-tools/arm-etfbl-linux-gnueabihf/arm-etfbl-linux-gnueabihf/sysroot/usr/include]


Parsed C implicit link information from above output:
  link line regex: [^( *|.*[/\])(ld|CMAKE_LINK_STARTFILE-NOTFOUND|([^/\]+-)?ld|collect2)[^/\]*( |$)]
  ignore line: [Change Dir: /home/nemanja/urs-2024/lab-02/hello/build/CMakeFiles/CMakeTmp]
  ignore line: []
  ignore line: [Run Build Command(s):/usr/bin/make cmTC_f28db/fast && /usr/bin/make -f CMakeFiles/cmTC_f28db.dir/build.make CMakeFiles/cmTC_f28db.dir/build]
  ignore line: [make[1]: Entering directory '/home/nemanja/urs-2024/lab-02/hello/build/CMakeFiles/CMakeTmp']
  ignore line: [Building C object CMakeFiles/cmTC_f28db.dir/CMakeCCompilerABI.c.o]
  ignore line: [/home/nemanja/x-tools/arm-etfbl-linux-gnueabihf/bin/arm-linux-gcc   -v -o CMakeFiles/cmTC_f28db.dir/CMakeCCompilerABI.c.o   -c /usr/share/cmake-3.16/Modules/CMakeCCompilerABI.c]
  ignore line: [Using built-in specs.]
  ignore line: [COLLECT_GCC=/home/nemanja/x-tools/arm-etfbl-linux-gnueabihf/bin/arm-linux-gcc]
  ignore line: [Target: arm-etfbl-linux-gnueabihf]
  ignore line: [Configured with: /home/nemanja/crosstool-ng/.build/arm-etfbl-linux-gnueabihf/src/gcc/configure --build=x86_64-build_pc-linux-gnu --host=x86_64-build_pc-linux-gnu --target=arm-etfbl-linux-gnueabihf --prefix=/home/nemanja/x-tools/arm-etfbl-linux-gnueabihf --exec_prefix=/home/nemanja/x-tools/arm-etfbl-linux-gnueabihf --with-sysroot=/home/nemanja/x-tools/arm-etfbl-linux-gnueabihf/arm-etfbl-linux-gnueabihf/sysroot --enable-languages=c c++ --with-cpu=cortex-a9 --with-fpu=neon --with-float=hard --with-pkgversion='crosstool-NG 1.26.0' --enable-__cxa_atexit --disable-libmudflap --disable-libgomp --disable-libssp --disable-libquadmath --disable-libquadmath-support --disable-libsanitizer --disable-libmpx --with-gmp=/home/nemanja/crosstool-ng/.build/arm-etfbl-linux-gnueabihf/buildtools --with-mpfr=/home/nemanja/crosstool-ng/.build/arm-etfbl-linux-gnueabihf/buildtools --with-mpc=/home/nemanja/crosstool-ng/.build/arm-etfbl-linux-gnueabihf/buildtools --with-isl=/home/nemanja/crosstool-ng/.build/arm-etfbl-linux-gnueabihf/buildtools --enable-lto --enable-threads=posix --enable-plugin --enable-gold --with-libintl-prefix=/home/nemanja/crosstool-ng/.build/arm-etfbl-linux-gnueabihf/buildtools --disable-multilib --with-local-prefix=/home/nemanja/x-tools/arm-etfbl-linux-gnueabihf/arm-etfbl-linux-gnueabihf/sysroot --enable-long-long]
  ignore line: [Thread model: posix]
  ignore line: [Supported LTO compression algorithms: zlib zstd]
  ignore line: [gcc version 13.2.0 (crosstool-NG 1.26.0) ]
  ignore line: [COLLECT_GCC_OPTIONS='-v' '-o' 'CMakeFiles/cmTC_f28db.dir/CMakeCCompilerABI.c.o' '-c' '-mcpu=cortex-a9' '-mfloat-abi=hard' '-mfpu=neon' '-mtls-dialect=gnu' '-marm' '-mlibarch=armv7-a+mp+sec+simd' '-march=armv7-a+mp+sec+simd' '-dumpdir' 'CMakeFiles/cmTC_f28db.dir/']
  ignore line: [ /home/nemanja/x-tools/arm-etfbl-linux-gnueabihf/libexec/gcc/arm-etfbl-linux-gnueabihf/13.2.0/cc1 -quiet -v /usr/share/cmake-3.16/Modules/CMakeCCompilerABI.c -quiet -dumpdir CMakeFiles/cmTC_f28db.dir/ -dumpbase CMakeCCompilerABI.c.c -dumpbase-ext .c -mcpu=cortex-a9 -mfloat-abi=hard -mfpu=neon -mtls-dialect=gnu -marm -mlibarch=armv7-a+mp+sec+simd -march=armv7-a+mp+sec+simd -version -o /tmp/ccweIQCW.s]
  ignore line: [GNU C17 (crosstool-NG 1.26.0) version 13.2.0 (arm-etfbl-linux-gnueabihf)]
  ignore line: [	compiled by GNU C version 9.4.0  GMP version 6.2.1  MPFR version 4.2.1  MPC version 1.2.1  isl version isl-0.26-GMP]
  ignore line: []
  ignore line: [GGC heuristics: --param ggc-min-expand=100 --param ggc-min-heapsize=131072]
  ignore line: [ignoring nonexistent directory "/home/nemanja/x-tools/arm-etfbl-linux-gnueabihf/arm-etfbl-linux-gnueabihf/sysroot/home/nemanja/x-tools/arm-etfbl-linux-gnueabihf/arm-etfbl-linux-gnueabihf/sysroot/include"]
  ignore line: [#include "..." search starts here:]
  ignore line: [#include <...> search starts here:]
  ignore line: [ /home/nemanja/x-tools/arm-etfbl-linux-gnueabihf/lib/gcc/arm-etfbl-linux-gnueabihf/13.2.0/include]
  ignore line: [ /home/nemanja/x-tools/arm-etfbl-linux-gnueabihf/lib/gcc/arm-etfbl-linux-gnueabihf/13.2.0/include-fixed]
  ignore line: [ /home/nemanja/x-tools/arm-etfbl-linux-gnueabihf/lib/gcc/arm-etfbl-linux-gnueabihf/13.2.0/../../../../arm-etfbl-linux-gnueabihf/include]
  ignore line: [ /home/nemanja/x-tools/arm-etfbl-linux-gnueabihf/arm-etfbl-linux-gnueabihf/sysroot/usr/include]
  ignore line: [End of search list.]
  ignore line: [Compiler executable checksum: 8f509309f7dfbfb760a7ca02e435d94a]
  ignore line: [COLLECT_GCC_OPTIONS='-v' '-o' 'CMakeFiles/cmTC_f28db.dir/CMakeCCompilerABI.c.o' '-c' '-mcpu=cortex-a9' '-mfloat-abi=hard' '-mfpu=neon' '-mtls-dialect=gnu' '-marm' '-mlibarch=armv7-a+mp+sec+simd' '-march=armv7-a+mp+sec+simd' '-dumpdir' 'CMakeFiles/cmTC_f28db.dir/']
  ignore line: [ /home/nemanja/x-tools/arm-etfbl-linux-gnueabihf/lib/gcc/arm-etfbl-linux-gnueabihf/13.2.0/../../../../arm-etfbl-linux-gnueabihf/bin/as -v -march=armv7-a+mp+sec+simd -mfloat-abi=hard -mfpu=neon -meabi=5 -o CMakeFiles/cmTC_f28db.dir/CMakeCCompilerABI.c.o /tmp/ccweIQCW.s]
  ignore line: [GNU assembler version 2.40 (arm-etfbl-linux-gnueabihf) using BFD version (crosstool-NG 1.26.0) 2.40]
  ignore line: [COMPILER_PATH=/home/nemanja/x-tools/arm-etfbl-linux-gnueabihf/libexec/gcc/arm-etfbl-linux-gnueabihf/13.2.0/:/home/nemanja/x-tools/arm-etfbl-linux-gnueabihf/libexec/gcc/arm-etfbl-linux-gnueabihf/13.2.0/:/home/nemanja/x-tools/arm-etfbl-linux-gnueabihf/libexec/gcc/arm-etfbl-linux-gnueabihf/:/home/nemanja/x-tools/arm-etfbl-linux-gnueabihf/lib/gcc/arm-etfbl-linux-gnueabihf/13.2.0/:/home/nemanja/x-tools/arm-etfbl-linux-gnueabihf/lib/gcc/arm-etfbl-linux-gnueabihf/:/home/nemanja/x-tools/arm-etfbl-linux-gnueabihf/lib/gcc/arm-etfbl-linux-gnueabihf/13.2.0/../../../../arm-etfbl-linux-gnueabihf/bin/]
  ignore line: [LIBRARY_PATH=/home/nemanja/x-tools/arm-etfbl-linux-gnueabihf/lib/gcc/arm-etfbl-linux-gnueabihf/13.2.0/:/home/nemanja/x-tools/arm-etfbl-linux-gnueabihf/lib/gcc/arm-etfbl-linux-gnueabihf/13.2.0/../../../../arm-etfbl-linux-gnueabihf/lib/:/home/nemanja/x-tools/arm-etfbl-linux-gnueabihf/arm-etfbl-linux-gnueabihf/sysroot/lib/:/home/nemanja/x-tools/arm-etfbl-linux-gnueabihf/arm-etfbl-linux-gnueabihf/sysroot/usr/lib/]
  ignore line: [COLLECT_GCC_OPTIONS='-v' '-o' 'CMakeFiles/cmTC_f28db.dir/CMakeCCompilerABI.c.o' '-c' '-mcpu=cortex-a9' '-mfloat-abi=hard' '-mfpu=neon' '-mtls-dialect=gnu' '-marm' '-mlibarch=armv7-a+mp+sec+simd' '-march=armv7-a+mp+sec+simd' '-dumpdir' 'CMakeFiles/cmTC_f28db.dir/CMakeCCompilerABI.c.']
  ignore line: [Linking C executable cmTC_f28db]
  ignore line: [/usr/bin/cmake -E cmake_link_script CMakeFiles/cmTC_f28db.dir/link.txt --verbose=1]
  ignore line: [/home/nemanja/x-tools/arm-etfbl-linux-gnueabihf/bin/arm-linux-gcc     -v -rdynamic CMakeFiles/cmTC_f28db.dir/CMakeCCompilerABI.c.o  -o cmTC_f28db ]
  ignore line: [Using built-in specs.]
  ignore line: [COLLECT_GCC=/home/nemanja/x-tools/arm-etfbl-linux-gnueabihf/bin/arm-linux-gcc]
  ignore line: [COLLECT_LTO_WRAPPER=/home/nemanja/x-tools/arm-etfbl-linux-gnueabihf/libexec/gcc/arm-etfbl-linux-gnueabihf/13.2.0/lto-wrapper]
  ignore line: [Target: arm-etfbl-linux-gnueabihf]
  ignore line: [Configured with: /home/nemanja/crosstool-ng/.build/arm-etfbl-linux-gnueabihf/src/gcc/configure --build=x86_64-build_pc-linux-gnu --host=x86_64-build_pc-linux-gnu --target=arm-etfbl-linux-gnueabihf --prefix=/home/nemanja/x-tools/arm-etfbl-linux-gnueabihf --exec_prefix=/home/nemanja/x-tools/arm-etfbl-linux-gnueabihf --with-sysroot=/home/nemanja/x-tools/arm-etfbl-linux-gnueabihf/arm-etfbl-linux-gnueabihf/sysroot --enable-languages=c c++ --with-cpu=cortex-a9 --with-fpu=neon --with-float=hard --with-pkgversion='crosstool-NG 1.26.0' --enable-__cxa_atexit --disable-libmudflap --disable-libgomp --disable-libssp --disable-libquadmath --disable-libquadmath-support --disable-libsanitizer --disable-libmpx --with-gmp=/home/nemanja/crosstool-ng/.build/arm-etfbl-linux-gnueabihf/buildtools --with-mpfr=/home/nemanja/crosstool-ng/.build/arm-etfbl-linux-gnueabihf/buildtools --with-mpc=/home/nemanja/crosstool-ng/.build/arm-etfbl-linux-gnueabihf/buildtools --with-isl=/home/nemanja/crosstool-ng/.build/arm-etfbl-linux-gnueabihf/buildtools --enable-lto --enable-threads=posix --enable-plugin --enable-gold --with-libintl-prefix=/home/nemanja/crosstool-ng/.build/arm-etfbl-linux-gnueabihf/buildtools --disable-multilib --with-local-prefix=/home/nemanja/x-tools/arm-etfbl-linux-gnueabihf/arm-etfbl-linux-gnueabihf/sysroot --enable-long-long]
  ignore line: [Thread model: posix]
  ignore line: [Supported LTO compression algorithms: zlib zstd]
  ignore line: [gcc version 13.2.0 (crosstool-NG 1.26.0) ]
  ignore line: [COMPILER_PATH=/home/nemanja/x-tools/arm-etfbl-linux-gnueabihf/libexec/gcc/arm-etfbl-linux-gnueabihf/13.2.0/:/home/nemanja/x-tools/arm-etfbl-linux-gnueabihf/libexec/gcc/arm-etfbl-linux-gnueabihf/13.2.0/:/home/nemanja/x-tools/arm-etfbl-linux-gnueabihf/libexec/gcc/arm-etfbl-linux-gnueabihf/:/home/nemanja/x-tools/arm-etfbl-linux-gnueabihf/lib/gcc/arm-etfbl-linux-gnueabihf/13.2.0/:/home/nemanja/x-tools/arm-etfbl-linux-gnueabihf/lib/gcc/arm-etfbl-linux-gnueabihf/:/home/nemanja/x-tools/arm-etfbl-linux-gnueabihf/lib/gcc/arm-etfbl-linux-gnueabihf/13.2.0/../../../../arm-etfbl-linux-gnueabihf/bin/]
  ignore line: [LIBRARY_PATH=/home/nemanja/x-tools/arm-etfbl-linux-gnueabihf/lib/gcc/arm-etfbl-linux-gnueabihf/13.2.0/:/home/nemanja/x-tools/arm-etfbl-linux-gnueabihf/lib/gcc/arm-etfbl-linux-gnueabihf/13.2.0/../../../../arm-etfbl-linux-gnueabihf/lib/:/home/nemanja/x-tools/arm-etfbl-linux-gnueabihf/arm-etfbl-linux-gnueabihf/sysroot/lib/:/home/nemanja/x-tools/arm-etfbl-linux-gnueabihf/arm-etfbl-linux-gnueabihf/sysroot/usr/lib/]
  ignore line: [COLLECT_GCC_OPTIONS='-v' '-rdynamic' '-o' 'cmTC_f28db' '-mcpu=cortex-a9' '-mfloat-abi=hard' '-mfpu=neon' '-mtls-dialect=gnu' '-marm' '-mlibarch=armv7-a+mp+sec+simd' '-march=armv7-a+mp+sec+simd' '-dumpdir' 'cmTC_f28db.']
  link line: [ /home/nemanja/x-tools/arm-etfbl-linux-gnueabihf/libexec/gcc/arm-etfbl-linux-gnueabihf/13.2.0/collect2 -plugin /home/nemanja/x-tools/arm-etfbl-linux-gnueabihf/libexec/gcc/arm-etfbl-linux-gnueabihf/13.2.0/liblto_plugin.so -plugin-opt=/home/nemanja/x-tools/arm-etfbl-linux-gnueabihf/libexec/gcc/arm-etfbl-linux-gnueabihf/13.2.0/lto-wrapper -plugin-opt=-fresolution=/tmp/cczsDZFo.res -plugin-opt=-pass-through=-lgcc -plugin-opt=-pass-through=-lgcc_s -plugin-opt=-pass-through=-lc -plugin-opt=-pass-through=-lgcc -plugin-opt=-pass-through=-lgcc_s --sysroot=/home/nemanja/x-tools/arm-etfbl-linux-gnueabihf/arm-etfbl-linux-gnueabihf/sysroot --eh-frame-hdr -export-dynamic -dynamic-linker /lib/ld-linux-armhf.so.3 -X -m armelf_linux_eabi -o cmTC_f28db /home/nemanja/x-tools/arm-etfbl-linux-gnueabihf/arm-etfbl-linux-gnueabihf/sysroot/usr/lib/crt1.o /home/nemanja/x-tools/arm-etfbl-linux-gnueabihf/arm-etfbl-linux-gnueabihf/sysroot/usr/lib/crti.o /home/nemanja/x-tools/arm-etfbl-linux-gnueabihf/lib/gcc/arm-etfbl-linux-gnueabihf/13.2.0/crtbegin.o -L/home/nemanja/x-tools/arm-etfbl-linux-gnueabihf/lib/gcc/arm-etfbl-linux-gnueabihf/13.2.0 -L/home/nemanja/x-tools/arm-etfbl-linux-gnueabihf/lib/gcc/arm-etfbl-linux-gnueabihf/13.2.0/../../../../arm-etfbl-linux-gnueabihf/lib -L/home/nemanja/x-tools/arm-etfbl-linux-gnueabihf/arm-etfbl-linux-gnueabihf/sysroot/lib -L/home/nemanja/x-tools/arm-etfbl-linux-gnueabihf/arm-etfbl-linux-gnueabihf/sysroot/usr/lib CMakeFiles/cmTC_f28db.dir/CMakeCCompilerABI.c.o -lgcc --push-state --as-needed -lgcc_s --pop-state -lc -lgcc --push-state --as-needed -lgcc_s --pop-state /home/nemanja/x-tools/arm-etfbl-linux-gnueabihf/lib/gcc/arm-etfbl-linux-gnueabihf/13.2.0/crtend.o /home/nemanja/x-tools/arm-etfbl-linux-gnueabihf/arm-etfbl-linux-gnueabihf/sysroot/usr/lib/crtn.o]
    arg [/home/nemanja/x-tools/arm-etfbl-linux-gnueabihf/libexec/gcc/arm-etfbl-linux-gnueabihf/13.2.0/collect2] ==> ignore
    arg [-plugin] ==> ignore
    arg [/home/nemanja/x-tools/arm-etfbl-linux-gnueabihf/libexec/gcc/arm-etfbl-linux-gnueabihf/13.2.0/liblto_plugin.so] ==> ignore
    arg [-plugin-opt=/home/nemanja/x-tools/arm-etfbl-linux-gnueabihf/libexec/gcc/arm-etfbl-linux-gnueabihf/13.2.0/lto-wrapper] ==> ignore
    arg [-plugin-opt=-fresolution=/tmp/cczsDZFo.res] ==> ignore
    arg [-plugin-opt=-pass-through=-lgcc] ==> ignore
    arg [-plugin-opt=-pass-through=-lgcc_s] ==> ignore
    arg [-plugin-opt=-pass-through=-lc] ==> ignore
    arg [-plugin-opt=-pass-through=-lgcc] ==> ignore
    arg [-plugin-opt=-pass-through=-lgcc_s] ==> ignore
    arg [--sysroot=/home/nemanja/x-tools/arm-etfbl-linux-gnueabihf/arm-etfbl-linux-gnueabihf/sysroot] ==> ignore
    arg [--eh-frame-hdr] ==> ignore
    arg [-export-dynamic] ==> ignore
    arg [-dynamic-linker] ==> ignore
    arg [/lib/ld-linux-armhf.so.3] ==> ignore
    arg [-X] ==> ignore
    arg [-m] ==> ignore
    arg [armelf_linux_eabi] ==> ignore
    arg [-o] ==> ignore
    arg [cmTC_f28db] ==> ignore
    arg [/home/nemanja/x-tools/arm-etfbl-linux-gnueabihf/arm-etfbl-linux-gnueabihf/sysroot/usr/lib/crt1.o] ==> ignore
    arg [/home/nemanja/x-tools/arm-etfbl-linux-gnueabihf/arm-etfbl-linux-gnueabihf/sysroot/usr/lib/crti.o] ==> ignore
    arg [/home/nemanja/x-tools/arm-etfbl-linux-gnueabihf/lib/gcc/arm-etfbl-linux-gnueabihf/13.2.0/crtbegin.o] ==> ignore
    arg [-L/home/nemanja/x-tools/arm-etfbl-linux-gnueabihf/lib/gcc/arm-etfbl-linux-gnueabihf/13.2.0] ==> dir [/home/nemanja/x-tools/arm-etfbl-linux-gnueabihf/lib/gcc/arm-etfbl-linux-gnueabihf/13.2.0]
    arg [-L/home/nemanja/x-tools/arm-etfbl-linux-gnueabihf/lib/gcc/arm-etfbl-linux-gnueabihf/13.2.0/../../../../arm-etfbl-linux-gnueabihf/lib] ==> dir [/home/nemanja/x-tools/arm-etfbl-linux-gnueabihf/lib/gcc/arm-etfbl-linux-gnueabihf/13.2.0/../../../../arm-etfbl-linux-gnueabihf/lib]
    arg [-L/home/nemanja/x-tools/arm-etfbl-linux-gnueabihf/arm-etfbl-linux-gnueabihf/sysroot/lib] ==> dir [/home/nemanja/x-tools/arm-etfbl-linux-gnueabihf/arm-etfbl-linux-gnueabihf/sysroot/lib]
    arg [-L/home/nemanja/x-tools/arm-etfbl-linux-gnueabihf/arm-etfbl-linux-gnueabihf/sysroot/usr/lib] ==> dir [/home/nemanja/x-tools/arm-etfbl-linux-gnueabihf/arm-etfbl-linux-gnueabihf/sysroot/usr/lib]
    arg [CMakeFiles/cmTC_f28db.dir/CMakeCCompilerABI.c.o] ==> ignore
    arg [-lgcc] ==> lib [gcc]
    arg [--push-state] ==> ignore
    arg [--as-needed] ==> ignore
    arg [-lgcc_s] ==> lib [gcc_s]
    arg [--pop-state] ==> ignore
    arg [-lc] ==> lib [c]
    arg [-lgcc] ==> lib [gcc]
    arg [--push-state] ==> ignore
    arg [--as-needed] ==> ignore
    arg [-lgcc_s] ==> lib [gcc_s]
    arg [--pop-state] ==> ignore
    arg [/home/nemanja/x-tools/arm-etfbl-linux-gnueabihf/lib/gcc/arm-etfbl-linux-gnueabihf/13.2.0/crtend.o] ==> ignore
    arg [/home/nemanja/x-tools/arm-etfbl-linux-gnueabihf/arm-etfbl-linux-gnueabihf/sysroot/usr/lib/crtn.o] ==> ignore
  collapse library dir [/home/nemanja/x-tools/arm-etfbl-linux-gnueabihf/lib/gcc/arm-etfbl-linux-gnueabihf/13.2.0] ==> [/home/nemanja/x-tools/arm-etfbl-linux-gnueabihf/lib/gcc/arm-etfbl-linux-gnueabihf/13.2.0]
  collapse library dir [/home/nemanja/x-tools/arm-etfbl-linux-gnueabihf/lib/gcc/arm-etfbl-linux-gnueabihf/13.2.0/../../../../arm-etfbl-linux-gnueabihf/lib] ==> [/home/nemanja/x-tools/arm-etfbl-linux-gnueabihf/arm-etfbl-linux-gnueabihf/lib]
  collapse library dir [/home/nemanja/x-tools/arm-etfbl-linux-gnueabihf/arm-etfbl-linux-gnueabihf/sysroot/lib] ==> [/home/nemanja/x-tools/arm-etfbl-linux-gnueabihf/arm-etfbl-linux-gnueabihf/sysroot/lib]
  collapse library dir [/home/nemanja/x-tools/arm-etfbl-linux-gnueabihf/arm-etfbl-linux-gnueabihf/sysroot/usr/lib] ==> [/home/nemanja/x-tools/arm-etfbl-linux-gnueabihf/arm-etfbl-linux-gnueabihf/sysroot/usr/lib]
  implicit libs: [gcc;gcc_s;c;gcc;gcc_s]
  implicit dirs: [/home/nemanja/x-tools/arm-etfbl-linux-gnueabihf/lib/gcc/arm-etfbl-linux-gnueabihf/13.2.0;/home/nemanja/x-tools/arm-etfbl-linux-gnueabihf/arm-etfbl-linux-gnueabihf/lib;/home/nemanja/x-tools/arm-etfbl-linux-gnueabihf/arm-etfbl-linux-gnueabihf/sysroot/lib;/home/nemanja/x-tools/arm-etfbl-linux-gnueabihf/arm-etfbl-linux-gnueabihf/sysroot/usr/lib]
  implicit fwks: []


Determining if the CXX compiler works passed with the following output:
Change Dir: /home/nemanja/urs-2024/lab-02/hello/build/CMakeFiles/CMakeTmp

Run Build Command(s):/usr/bin/make cmTC_3c44a/fast && /usr/bin/make -f CMakeFiles/cmTC_3c44a.dir/build.make CMakeFiles/cmTC_3c44a.dir/build
make[1]: Entering directory '/home/nemanja/urs-2024/lab-02/hello/build/CMakeFiles/CMakeTmp'
Building CXX object CMakeFiles/cmTC_3c44a.dir/testCXXCompiler.cxx.o
/usr/bin/c++     -o CMakeFiles/cmTC_3c44a.dir/testCXXCompiler.cxx.o -c /home/nemanja/urs-2024/lab-02/hello/build/CMakeFiles/CMakeTmp/testCXXCompiler.cxx
Linking CXX executable cmTC_3c44a
/usr/bin/cmake -E cmake_link_script CMakeFiles/cmTC_3c44a.dir/link.txt --verbose=1
/usr/bin/c++       -rdynamic CMakeFiles/cmTC_3c44a.dir/testCXXCompiler.cxx.o  -o cmTC_3c44a 
make[1]: Leaving directory '/home/nemanja/urs-2024/lab-02/hello/build/CMakeFiles/CMakeTmp'



Detecting CXX compiler ABI info compiled with the following output:
Change Dir: /home/nemanja/urs-2024/lab-02/hello/build/CMakeFiles/CMakeTmp

Run Build Command(s):/usr/bin/make cmTC_1dc35/fast && /usr/bin/make -f CMakeFiles/cmTC_1dc35.dir/build.make CMakeFiles/cmTC_1dc35.dir/build
make[1]: Entering directory '/home/nemanja/urs-2024/lab-02/hello/build/CMakeFiles/CMakeTmp'
Building CXX object CMakeFiles/cmTC_1dc35.dir/CMakeCXXCompilerABI.cpp.o
/usr/bin/c++    -v -o CMakeFiles/cmTC_1dc35.dir/CMakeCXXCompilerABI.cpp.o -c /usr/share/cmake-3.16/Modules/CMakeCXXCompilerABI.cpp
Using built-in specs.
COLLECT_GCC=/usr/bin/c++
OFFLOAD_TARGET_NAMES=nvptx-none:hsa
OFFLOAD_TARGET_DEFAULT=1
Target: x86_64-linux-gnu
Configured with: ../src/configure -v --with-pkgversion='Ubuntu 9.4.0-1ubuntu1~20.04.2' --with-bugurl=file:///usr/share/doc/gcc-9/README.Bugs --enable-languages=c,ada,c++,go,brig,d,fortran,objc,obj-c++,gm2 --prefix=/usr --with-gcc-major-version-only --program-suffix=-9 --program-prefix=x86_64-linux-gnu- --enable-shared --enable-linker-build-id --libexecdir=/usr/lib --without-included-gettext --enable-threads=posix --libdir=/usr/lib --enable-nls --enable-clocale=gnu --enable-libstdcxx-debug --enable-libstdcxx-time=yes --with-default-libstdcxx-abi=new --enable-gnu-unique-object --disable-vtable-verify --enable-plugin --enable-default-pie --with-system-zlib --with-target-system-zlib=auto --enable-objc-gc=auto --enable-multiarch --disable-werror --with-arch-32=i686 --with-abi=m64 --with-multilib-list=m32,m64,mx32 --enable-multilib --with-tune=generic --enable-offload-targets=nvptx-none=/build/gcc-9-9QDOt0/gcc-9-9.4.0/debian/tmp-nvptx/usr,hsa --without-cuda-driver --enable-checking=release --build=x86_64-linux-gnu --host=x86_64-linux-gnu --target=x86_64-linux-gnu
Thread model: posix
gcc version 9.4.0 (Ubuntu 9.4.0-1ubuntu1~20.04.2) 
COLLECT_GCC_OPTIONS='-v' '-o' 'CMakeFiles/cmTC_1dc35.dir/CMakeCXXCompilerABI.cpp.o' '-c' '-shared-libgcc' '-mtune=generic' '-march=x86-64'
 /usr/lib/gcc/x86_64-linux-gnu/9/cc1plus -quiet -v -imultiarch x86_64-linux-gnu -D_GNU_SOURCE /usr/share/cmake-3.16/Modules/CMakeCXXCompilerABI.cpp -quiet -dumpbase CMakeCXXCompilerABI.cpp -mtune=generic -march=x86-64 -auxbase-strip CMakeFiles/cmTC_1dc35.dir/CMakeCXXCompilerABI.cpp.o -version -fasynchronous-unwind-tables -fstack-protector-strong -Wformat -Wformat-security -fstack-clash-protection -fcf-protection -o /tmp/ccHL6baW.s
GNU C++14 (Ubuntu 9.4.0-1ubuntu1~20.04.2) version 9.4.0 (x86_64-linux-gnu)
	compiled by GNU C version 9.4.0, GMP version 6.2.0, MPFR version 4.0.2, MPC version 1.1.0, isl version isl-0.22.1-GMP

GGC heuristics: --param ggc-min-expand=100 --param ggc-min-heapsize=131072
ignoring duplicate directory "/usr/include/x86_64-linux-gnu/c++/9"
ignoring nonexistent directory "/usr/local/include/x86_64-linux-gnu"
ignoring nonexistent directory "/usr/lib/gcc/x86_64-linux-gnu/9/include-fixed"
ignoring nonexistent directory "/usr/lib/gcc/x86_64-linux-gnu/9/../../../../x86_64-linux-gnu/include"
#include "..." search starts here:
#include <...> search starts here:
 /usr/include/c++/9
 /usr/include/x86_64-linux-gnu/c++/9
 /usr/include/c++/9/backward
 /usr/lib/gcc/x86_64-linux-gnu/9/include
 /usr/local/include
 /usr/include/x86_64-linux-gnu
 /usr/include
End of search list.
GNU C++14 (Ubuntu 9.4.0-1ubuntu1~20.04.2) version 9.4.0 (x86_64-linux-gnu)
	compiled by GNU C version 9.4.0, GMP version 6.2.0, MPFR version 4.0.2, MPC version 1.1.0, isl version isl-0.22.1-GMP

GGC heuristics: --param ggc-min-expand=100 --param ggc-min-heapsize=131072
Compiler executable checksum: 3d1eba838554fa2348dba760e4770469
COLLECT_GCC_OPTIONS='-v' '-o' 'CMakeFiles/cmTC_1dc35.dir/CMakeCXXCompilerABI.cpp.o' '-c' '-shared-libgcc' '-mtune=generic' '-march=x86-64'
 as -v --64 -o CMakeFiles/cmTC_1dc35.dir/CMakeCXXCompilerABI.cpp.o /tmp/ccHL6baW.s
GNU assembler version 2.34 (x86_64-linux-gnu) using BFD version (GNU Binutils for Ubuntu) 2.34
COMPILER_PATH=/usr/lib/gcc/x86_64-linux-gnu/9/:/usr/lib/gcc/x86_64-linux-gnu/9/:/usr/lib/gcc/x86_64-linux-gnu/:/usr/lib/gcc/x86_64-linux-gnu/9/:/usr/lib/gcc/x86_64-linux-gnu/
LIBRARY_PATH=/usr/lib/gcc/x86_64-linux-gnu/9/:/usr/lib/gcc/x86_64-linux-gnu/9/../../../x86_64-linux-gnu/:/usr/lib/gcc/x86_64-linux-gnu/9/../../../../lib/:/lib/x86_64-linux-gnu/:/lib/../lib/:/usr/lib/x86_64-linux-gnu/:/usr/lib/../lib/:/usr/lib/gcc/x86_64-linux-gnu/9/../../../:/lib/:/usr/lib/
COLLECT_GCC_OPTIONS='-v' '-o' 'CMakeFiles/cmTC_1dc35.dir/CMakeCXXCompilerABI.cpp.o' '-c' '-shared-libgcc' '-mtune=generic' '-march=x86-64'
Linking CXX executable cmTC_1dc35
/usr/bin/cmake -E cmake_link_script CMakeFiles/cmTC_1dc35.dir/link.txt --verbose=1
/usr/bin/c++      -v -rdynamic CMakeFiles/cmTC_1dc35.dir/CMakeCXXCompilerABI.cpp.o  -o cmTC_1dc35 
Using built-in specs.
COLLECT_GCC=/usr/bin/c++
COLLECT_LTO_WRAPPER=/usr/lib/gcc/x86_64-linux-gnu/9/lto-wrapper
OFFLOAD_TARGET_NAMES=nvptx-none:hsa
OFFLOAD_TARGET_DEFAULT=1
Target: x86_64-linux-gnu
Configured with: ../src/configure -v --with-pkgversion='Ubuntu 9.4.0-1ubuntu1~20.04.2' --with-bugurl=file:///usr/share/doc/gcc-9/README.Bugs --enable-languages=c,ada,c++,go,brig,d,fortran,objc,obj-c++,gm2 --prefix=/usr --with-gcc-major-version-only --program-suffix=-9 --program-prefix=x86_64-linux-gnu- --enable-shared --enable-linker-build-id --libexecdir=/usr/lib --without-included-gettext --enable-threads=posix --libdir=/usr/lib --enable-nls --enable-clocale=gnu --enable-libstdcxx-debug --enable-libstdcxx-time=yes --with-default-libstdcxx-abi=new --enable-gnu-unique-object --disable-vtable-verify --enable-plugin --enable-default-pie --with-system-zlib --with-target-system-zlib=auto --enable-objc-gc=auto --enable-multiarch --disable-werror --with-arch-32=i686 --with-abi=m64 --with-multilib-list=m32,m64,mx32 --enable-multilib --with-tune=generic --enable-offload-targets=nvptx-none=/build/gcc-9-9QDOt0/gcc-9-9.4.0/debian/tmp-nvptx/usr,hsa --without-cuda-driver --enable-checking=release --build=x86_64-linux-gnu --host=x86_64-linux-gnu --target=x86_64-linux-gnu
Thread model: posix
gcc version 9.4.0 (Ubuntu 9.4.0-1ubuntu1~20.04.2) 
COMPILER_PATH=/usr/lib/gcc/x86_64-linux-gnu/9/:/usr/lib/gcc/x86_64-linux-gnu/9/:/usr/lib/gcc/x86_64-linux-gnu/:/usr/lib/gcc/x86_64-linux-gnu/9/:/usr/lib/gcc/x86_64-linux-gnu/
LIBRARY_PATH=/usr/lib/gcc/x86_64-linux-gnu/9/:/usr/lib/gcc/x86_64-linux-gnu/9/../../../x86_64-linux-gnu/:/usr/lib/gcc/x86_64-linux-gnu/9/../../../../lib/:/lib/x86_64-linux-gnu/:/lib/../lib/:/usr/lib/x86_64-linux-gnu/:/usr/lib/../lib/:/usr/lib/gcc/x86_64-linux-gnu/9/../../../:/lib/:/usr/lib/
COLLECT_GCC_OPTIONS='-v' '-rdynamic' '-o' 'cmTC_1dc35' '-shared-libgcc' '-mtune=generic' '-march=x86-64'
 /usr/lib/gcc/x86_64-linux-gnu/9/collect2 -plugin /usr/lib/gcc/x86_64-linux-gnu/9/liblto_plugin.so -plugin-opt=/usr/lib/gcc/x86_64-linux-gnu/9/lto-wrapper -plugin-opt=-fresolution=/tmp/ccT3X1Bp.res -plugin-opt=-pass-through=-lgcc_s -plugin-opt=-pass-through=-lgcc -plugin-opt=-pass-through=-lc -plugin-opt=-pass-through=-lgcc_s -plugin-opt=-pass-through=-lgcc --build-id --eh-frame-hdr -m elf_x86_64 --hash-style=gnu --as-needed -export-dynamic -dynamic-linker /lib64/ld-linux-x86-64.so.2 -pie -z now -z relro -o cmTC_1dc35 /usr/lib/gcc/x86_64-linux-gnu/9/../../../x86_64-linux-gnu/Scrt1.o /usr/lib/gcc/x86_64-linux-gnu/9/../../../x86_64-linux-gnu/crti.o /usr/lib/gcc/x86_64-linux-gnu/9/crtbeginS.o -L/usr/lib/gcc/x86_64-linux-gnu/9 -L/usr/lib/gcc/x86_64-linux-gnu/9/../../../x86_64-linux-gnu -L/usr/lib/gcc/x86_64-linux-gnu/9/../../../../lib -L/lib/x86_64-linux-gnu -L/lib/../lib -L/usr/lib/x86_64-linux-gnu -L/usr/lib/../lib -L/usr/lib/gcc/x86_64-linux-gnu/9/../../.. CMakeFiles/cmTC_1dc35.dir/CMakeCXXCompilerABI.cpp.o -lstdc++ -lm -lgcc_s -lgcc -lc -lgcc_s -lgcc /usr/lib/gcc/x86_64-linux-gnu/9/crtendS.o /usr/lib/gcc/x86_64-linux-gnu/9/../../../x86_64-linux-gnu/crtn.o
COLLECT_GCC_OPTIONS='-v' '-rdynamic' '-o' 'cmTC_1dc35' '-shared-libgcc' '-mtune=generic' '-march=x86-64'
make[1]: Leaving directory '/home/nemanja/urs-2024/lab-02/hello/build/CMakeFiles/CMakeTmp'



Parsed CXX implicit include dir info from above output: rv=done
  found start of include info
  found start of implicit include info
    add: [/usr/include/c++/9]
    add: [/usr/include/x86_64-linux-gnu/c++/9]
    add: [/usr/include/c++/9/backward]
    add: [/usr/lib/gcc/x86_64-linux-gnu/9/include]
    add: [/usr/local/include]
    add: [/usr/include/x86_64-linux-gnu]
    add: [/usr/include]
  end of search list found
  collapse include dir [/usr/include/c++/9] ==> [/usr/include/c++/9]
  collapse include dir [/usr/include/x86_64-linux-gnu/c++/9] ==> [/usr/include/x86_64-linux-gnu/c++/9]
  collapse include dir [/usr/include/c++/9/backward] ==> [/usr/include/c++/9/backward]
  collapse include dir [/usr/lib/gcc/x86_64-linux-gnu/9/include] ==> [/usr/lib/gcc/x86_64-linux-gnu/9/include]
  collapse include dir [/usr/local/include] ==> [/usr/local/include]
  collapse include dir [/usr/include/x86_64-linux-gnu] ==> [/usr/include/x86_64-linux-gnu]
  collapse include dir [/usr/include] ==> [/usr/include]
  implicit include dirs: [/usr/include/c++/9;/usr/include/x86_64-linux-gnu/c++/9;/usr/include/c++/9/backward;/usr/lib/gcc/x86_64-linux-gnu/9/include;/usr/local/include;/usr/include/x86_64-linux-gnu;/usr/include]


Parsed CXX implicit link information from above output:
  link line regex: [^( *|.*[/\])(ld|CMAKE_LINK_STARTFILE-NOTFOUND|([^/\]+-)?ld|collect2)[^/\]*( |$)]
  ignore line: [Change Dir: /home/nemanja/urs-2024/lab-02/hello/build/CMakeFiles/CMakeTmp]
  ignore line: []
  ignore line: [Run Build Command(s):/usr/bin/make cmTC_1dc35/fast && /usr/bin/make -f CMakeFiles/cmTC_1dc35.dir/build.make CMakeFiles/cmTC_1dc35.dir/build]
  ignore line: [make[1]: Entering directory '/home/nemanja/urs-2024/lab-02/hello/build/CMakeFiles/CMakeTmp']
  ignore line: [Building CXX object CMakeFiles/cmTC_1dc35.dir/CMakeCXXCompilerABI.cpp.o]
  ignore line: [/usr/bin/c++    -v -o CMakeFiles/cmTC_1dc35.dir/CMakeCXXCompilerABI.cpp.o -c /usr/share/cmake-3.16/Modules/CMakeCXXCompilerABI.cpp]
  ignore line: [Using built-in specs.]
  ignore line: [COLLECT_GCC=/usr/bin/c++]
  ignore line: [OFFLOAD_TARGET_NAMES=nvptx-none:hsa]
  ignore line: [OFFLOAD_TARGET_DEFAULT=1]
  ignore line: [Target: x86_64-linux-gnu]
  ignore line: [Configured with: ../src/configure -v --with-pkgversion='Ubuntu 9.4.0-1ubuntu1~20.04.2' --with-bugurl=file:///usr/share/doc/gcc-9/README.Bugs --enable-languages=c ada c++ go brig d fortran objc obj-c++ gm2 --prefix=/usr --with-gcc-major-version-only --program-suffix=-9 --program-prefix=x86_64-linux-gnu- --enable-shared --enable-linker-build-id --libexecdir=/usr/lib --without-included-gettext --enable-threads=posix --libdir=/usr/lib --enable-nls --enable-clocale=gnu --enable-libstdcxx-debug --enable-libstdcxx-time=yes --with-default-libstdcxx-abi=new --enable-gnu-unique-object --disable-vtable-verify --enable-plugin --enable-default-pie --with-system-zlib --with-target-system-zlib=auto --enable-objc-gc=auto --enable-multiarch --disable-werror --with-arch-32=i686 --with-abi=m64 --with-multilib-list=m32 m64 mx32 --enable-multilib --with-tune=generic --enable-offload-targets=nvptx-none=/build/gcc-9-9QDOt0/gcc-9-9.4.0/debian/tmp-nvptx/usr hsa --without-cuda-driver --enable-checking=release --build=x86_64-linux-gnu --host=x86_64-linux-gnu --target=x86_64-linux-gnu]
  ignore line: [Thread model: posix]
  ignore line: [gcc version 9.4.0 (Ubuntu 9.4.0-1ubuntu1~20.04.2) ]
  ignore line: [COLLECT_GCC_OPTIONS='-v' '-o' 'CMakeFiles/cmTC_1dc35.dir/CMakeCXXCompilerABI.cpp.o' '-c' '-shared-libgcc' '-mtune=generic' '-march=x86-64']
  ignore line: [ /usr/lib/gcc/x86_64-linux-gnu/9/cc1plus -quiet -v -imultiarch x86_64-linux-gnu -D_GNU_SOURCE /usr/share/cmake-3.16/Modules/CMakeCXXCompilerABI.cpp -quiet -dumpbase CMakeCXXCompilerABI.cpp -mtune=generic -march=x86-64 -auxbase-strip CMakeFiles/cmTC_1dc35.dir/CMakeCXXCompilerABI.cpp.o -version -fasynchronous-unwind-tables -fstack-protector-strong -Wformat -Wformat-security -fstack-clash-protection -fcf-protection -o /tmp/ccHL6baW.s]
  ignore line: [GNU C++14 (Ubuntu 9.4.0-1ubuntu1~20.04.2) version 9.4.0 (x86_64-linux-gnu)]
  ignore line: [	compiled by GNU C version 9.4.0  GMP version 6.2.0  MPFR version 4.0.2  MPC version 1.1.0  isl version isl-0.22.1-GMP]
  ignore line: []
  ignore line: [GGC heuristics: --param ggc-min-expand=100 --param ggc-min-heapsize=131072]
  ignore line: [ignoring duplicate directory "/usr/include/x86_64-linux-gnu/c++/9"]
  ignore line: [ignoring nonexistent directory "/usr/local/include/x86_64-linux-gnu"]
  ignore line: [ignoring nonexistent directory "/usr/lib/gcc/x86_64-linux-gnu/9/include-fixed"]
  ignore line: [ignoring nonexistent directory "/usr/lib/gcc/x86_64-linux-gnu/9/../../../../x86_64-linux-gnu/include"]
  ignore line: [#include "..." search starts here:]
  ignore line: [#include <...> search starts here:]
  ignore line: [ /usr/include/c++/9]
  ignore line: [ /usr/include/x86_64-linux-gnu/c++/9]
  ignore line: [ /usr/include/c++/9/backward]
  ignore line: [ /usr/lib/gcc/x86_64-linux-gnu/9/include]
  ignore line: [ /usr/local/include]
  ignore line: [ /usr/include/x86_64-linux-gnu]
  ignore line: [ /usr/include]
  ignore line: [End of search list.]
  ignore line: [GNU C++14 (Ubuntu 9.4.0-1ubuntu1~20.04.2) version 9.4.0 (x86_64-linux-gnu)]
  ignore line: [	compiled by GNU C version 9.4.0  GMP version 6.2.0  MPFR version 4.0.2  MPC version 1.1.0  isl version isl-0.22.1-GMP]
  ignore line: []
  ignore line: [GGC heuristics: --param ggc-min-expand=100 --param ggc-min-heapsize=131072]
  ignore line: [Compiler executable checksum: 3d1eba838554fa2348dba760e4770469]
  ignore line: [COLLECT_GCC_OPTIONS='-v' '-o' 'CMakeFiles/cmTC_1dc35.dir/CMakeCXXCompilerABI.cpp.o' '-c' '-shared-libgcc' '-mtune=generic' '-march=x86-64']
  ignore line: [ as -v --64 -o CMakeFiles/cmTC_1dc35.dir/CMakeCXXCompilerABI.cpp.o /tmp/ccHL6baW.s]
  ignore line: [GNU assembler version 2.34 (x86_64-linux-gnu) using BFD version (GNU Binutils for Ubuntu) 2.34]
  ignore line: [COMPILER_PATH=/usr/lib/gcc/x86_64-linux-gnu/9/:/usr/lib/gcc/x86_64-linux-gnu/9/:/usr/lib/gcc/x86_64-linux-gnu/:/usr/lib/gcc/x86_64-linux-gnu/9/:/usr/lib/gcc/x86_64-linux-gnu/]
  ignore line: [LIBRARY_PATH=/usr/lib/gcc/x86_64-linux-gnu/9/:/usr/lib/gcc/x86_64-linux-gnu/9/../../../x86_64-linux-gnu/:/usr/lib/gcc/x86_64-linux-gnu/9/../../../../lib/:/lib/x86_64-linux-gnu/:/lib/../lib/:/usr/lib/x86_64-linux-gnu/:/usr/lib/../lib/:/usr/lib/gcc/x86_64-linux-gnu/9/../../../:/lib/:/usr/lib/]
  ignore line: [COLLECT_GCC_OPTIONS='-v' '-o' 'CMakeFiles/cmTC_1dc35.dir/CMakeCXXCompilerABI.cpp.o' '-c' '-shared-libgcc' '-mtune=generic' '-march=x86-64']
  ignore line: [Linking CXX executable cmTC_1dc35]
  ignore line: [/usr/bin/cmake -E cmake_link_script CMakeFiles/cmTC_1dc35.dir/link.txt --verbose=1]
  ignore line: [/usr/bin/c++      -v -rdynamic CMakeFiles/cmTC_1dc35.dir/CMakeCXXCompilerABI.cpp.o  -o cmTC_1dc35 ]
  ignore line: [Using built-in specs.]
  ignore line: [COLLECT_GCC=/usr/bin/c++]
  ignore line: [COLLECT_LTO_WRAPPER=/usr/lib/gcc/x86_64-linux-gnu/9/lto-wrapper]
  ignore line: [OFFLOAD_TARGET_NAMES=nvptx-none:hsa]
  ignore line: [OFFLOAD_TARGET_DEFAULT=1]
  ignore line: [Target: x86_64-linux-gnu]
  ignore line: [Configured with: ../src/configure -v --with-pkgversion='Ubuntu 9.4.0-1ubuntu1~20.04.2' --with-bugurl=file:///usr/share/doc/gcc-9/README.Bugs --enable-languages=c ada c++ go brig d fortran objc obj-c++ gm2 --prefix=/usr --with-gcc-major-version-only --program-suffix=-9 --program-prefix=x86_64-linux-gnu- --enable-shared --enable-linker-build-id --libexecdir=/usr/lib --without-included-gettext --enable-threads=posix --libdir=/usr/lib --enable-nls --enable-clocale=gnu --enable-libstdcxx-debug --enable-libstdcxx-time=yes --with-default-libstdcxx-abi=new --enable-gnu-unique-object --disable-vtable-verify --enable-plugin --enable-default-pie --with-system-zlib --with-target-system-zlib=auto --enable-objc-gc=auto --enable-multiarch --disable-werror --with-arch-32=i686 --with-abi=m64 --with-multilib-list=m32 m64 mx32 --enable-multilib --with-tune=generic --enable-offload-targets=nvptx-none=/build/gcc-9-9QDOt0/gcc-9-9.4.0/debian/tmp-nvptx/usr hsa --without-cuda-driver --enable-checking=release --build=x86_64-linux-gnu --host=x86_64-linux-gnu --target=x86_64-linux-gnu]
  ignore line: [Thread model: posix]
  ignore line: [gcc version 9.4.0 (Ubuntu 9.4.0-1ubuntu1~20.04.2) ]
  ignore line: [COMPILER_PATH=/usr/lib/gcc/x86_64-linux-gnu/9/:/usr/lib/gcc/x86_64-linux-gnu/9/:/usr/lib/gcc/x86_64-linux-gnu/:/usr/lib/gcc/x86_64-linux-gnu/9/:/usr/lib/gcc/x86_64-linux-gnu/]
  ignore line: [LIBRARY_PATH=/usr/lib/gcc/x86_64-linux-gnu/9/:/usr/lib/gcc/x86_64-linux-gnu/9/../../../x86_64-linux-gnu/:/usr/lib/gcc/x86_64-linux-gnu/9/../../../../lib/:/lib/x86_64-linux-gnu/:/lib/../lib/:/usr/lib/x86_64-linux-gnu/:/usr/lib/../lib/:/usr/lib/gcc/x86_64-linux-gnu/9/../../../:/lib/:/usr/lib/]
  ignore line: [COLLECT_GCC_OPTIONS='-v' '-rdynamic' '-o' 'cmTC_1dc35' '-shared-libgcc' '-mtune=generic' '-march=x86-64']
  link line: [ /usr/lib/gcc/x86_64-linux-gnu/9/collect2 -plugin /usr/lib/gcc/x86_64-linux-gnu/9/liblto_plugin.so -plugin-opt=/usr/lib/gcc/x86_64-linux-gnu/9/lto-wrapper -plugin-opt=-fresolution=/tmp/ccT3X1Bp.res -plugin-opt=-pass-through=-lgcc_s -plugin-opt=-pass-through=-lgcc -plugin-opt=-pass-through=-lc -plugin-opt=-pass-through=-lgcc_s -plugin-opt=-pass-through=-lgcc --build-id --eh-frame-hdr -m elf_x86_64 --hash-style=gnu --as-needed -export-dynamic -dynamic-linker /lib64/ld-linux-x86-64.so.2 -pie -z now -z relro -o cmTC_1dc35 /usr/lib/gcc/x86_64-linux-gnu/9/../../../x86_64-linux-gnu/Scrt1.o /usr/lib/gcc/x86_64-linux-gnu/9/../../../x86_64-linux-gnu/crti.o /usr/lib/gcc/x86_64-linux-gnu/9/crtbeginS.o -L/usr/lib/gcc/x86_64-linux-gnu/9 -L/usr/lib/gcc/x86_64-linux-gnu/9/../../../x86_64-linux-gnu -L/usr/lib/gcc/x86_64-linux-gnu/9/../../../../lib -L/lib/x86_64-linux-gnu -L/lib/../lib -L/usr/lib/x86_64-linux-gnu -L/usr/lib/../lib -L/usr/lib/gcc/x86_64-linux-gnu/9/../../.. CMakeFiles/cmTC_1dc35.dir/CMakeCXXCompilerABI.cpp.o -lstdc++ -lm -lgcc_s -lgcc -lc -lgcc_s -lgcc /usr/lib/gcc/x86_64-linux-gnu/9/crtendS.o /usr/lib/gcc/x86_64-linux-gnu/9/../../../x86_64-linux-gnu/crtn.o]
    arg [/usr/lib/gcc/x86_64-linux-gnu/9/collect2] ==> ignore
    arg [-plugin] ==> ignore
    arg [/usr/lib/gcc/x86_64-linux-gnu/9/liblto_plugin.so] ==> ignore
    arg [-plugin-opt=/usr/lib/gcc/x86_64-linux-gnu/9/lto-wrapper] ==> ignore
    arg [-plugin-opt=-fresolution=/tmp/ccT3X1Bp.res] ==> ignore
    arg [-plugin-opt=-pass-through=-lgcc_s] ==> ignore
    arg [-plugin-opt=-pass-through=-lgcc] ==> ignore
    arg [-plugin-opt=-pass-through=-lc] ==> ignore
    arg [-plugin-opt=-pass-through=-lgcc_s] ==> ignore
    arg [-plugin-opt=-pass-through=-lgcc] ==> ignore
    arg [--build-id] ==> ignore
    arg [--eh-frame-hdr] ==> ignore
    arg [-m] ==> ignore
    arg [elf_x86_64] ==> ignore
    arg [--hash-style=gnu] ==> ignore
    arg [--as-needed] ==> ignore
    arg [-export-dynamic] ==> ignore
    arg [-dynamic-linker] ==> ignore
    arg [/lib64/ld-linux-x86-64.so.2] ==> ignore
    arg [-pie] ==> ignore
    arg [-znow] ==> ignore
    arg [-zrelro] ==> ignore
    arg [-o] ==> ignore
    arg [cmTC_1dc35] ==> ignore
    arg [/usr/lib/gcc/x86_64-linux-gnu/9/../../../x86_64-linux-gnu/Scrt1.o] ==> ignore
    arg [/usr/lib/gcc/x86_64-linux-gnu/9/../../../x86_64-linux-gnu/crti.o] ==> ignore
    arg [/usr/lib/gcc/x86_64-linux-gnu/9/crtbeginS.o] ==> ignore
    arg [-L/usr/lib/gcc/x86_64-linux-gnu/9] ==> dir [/usr/lib/gcc/x86_64-linux-gnu/9]
    arg [-L/usr/lib/gcc/x86_64-linux-gnu/9/../../../x86_64-linux-gnu] ==> dir [/usr/lib/gcc/x86_64-linux-gnu/9/../../../x86_64-linux-gnu]
    arg [-L/usr/lib/gcc/x86_64-linux-gnu/9/../../../../lib] ==> dir [/usr/lib/gcc/x86_64-linux-gnu/9/../../../../lib]
    arg [-L/lib/x86_64-linux-gnu] ==> dir [/lib/x86_64-linux-gnu]
    arg [-L/lib/../lib] ==> dir [/lib/../lib]
    arg [-L/usr/lib/x86_64-linux-gnu] ==> dir [/usr/lib/x86_64-linux-gnu]
    arg [-L/usr/lib/../lib] ==> dir [/usr/lib/../lib]
    arg [-L/usr/lib/gcc/x86_64-linux-gnu/9/../../..] ==> dir [/usr/lib/gcc/x86_64-linux-gnu/9/../../..]
    arg [CMakeFiles/cmTC_1dc35.dir/CMakeCXXCompilerABI.cpp.o] ==> ignore
    arg [-lstdc++] ==> lib [stdc++]
    arg [-lm] ==> lib [m]
    arg [-lgcc_s] ==> lib [gcc_s]
    arg [-lgcc] ==> lib [gcc]
    arg [-lc] ==> lib [c]
    arg [-lgcc_s] ==> lib [gcc_s]
    arg [-lgcc] ==> lib [gcc]
    arg [/usr/lib/gcc/x86_64-linux-gnu/9/crtendS.o] ==> ignore
    arg [/usr/lib/gcc/x86_64-linux-gnu/9/../../../x86_64-linux-gnu/crtn.o] ==> ignore
  collapse library dir [/usr/lib/gcc/x86_64-linux-gnu/9] ==> [/usr/lib/gcc/x86_64-linux-gnu/9]
  collapse library dir [/usr/lib/gcc/x86_64-linux-gnu/9/../../../x86_64-linux-gnu] ==> [/usr/lib/x86_64-linux-gnu]
  collapse library dir [/usr/lib/gcc/x86_64-linux-gnu/9/../../../../lib] ==> [/usr/lib]
  collapse library dir [/lib/x86_64-linux-gnu] ==> [/lib/x86_64-linux-gnu]
  collapse library dir [/lib/../lib] ==> [/lib]
  collapse library dir [/usr/lib/x86_64-linux-gnu] ==> [/usr/lib/x86_64-linux-gnu]
  collapse library dir [/usr/lib/../lib] ==> [/usr/lib]
  collapse library dir [/usr/lib/gcc/x86_64-linux-gnu/9/../../..] ==> [/usr/lib]
  implicit libs: [stdc++;m;gcc_s;gcc;c;gcc_s;gcc]
  implicit dirs: [/usr/lib/gcc/x86_64-linux-gnu/9;/usr/lib/x86_64-linux-gnu;/usr/lib;/lib/x86_64-linux-gnu;/lib]
  implicit fwks: []


