The system is: Linux - 6.5.0-26-generic - x86_64
Compiling the C compiler identification source file "CMakeCCompilerId.c" succeeded.
Compiler: /home/filip/x-tools/arm-etfbl-linux-gnueabihf/bin/arm-linux-gcc 
Build flags: 
Id flags:  

The output was:
0


Compilation of the C compiler identification source "CMakeCCompilerId.c" produced "a.out"

The C compiler identification is GNU, found in "/home/filip/Desktop/Reporziturijum/urs-2024/lab-02/app-cmake/build/CMakeFiles/3.22.1/CompilerIdC/a.out"

Compiling the CXX compiler identification source file "CMakeCXXCompilerId.cpp" succeeded.
Compiler: /home/filip/x-tools/arm-etfbl-linux-gnueabihf/bin/arm-linux-c++ 
Build flags: 
Id flags:  

The output was:
0


Compilation of the CXX compiler identification source "CMakeCXXCompilerId.cpp" produced "a.out"

The CXX compiler identification is GNU, found in "/home/filip/Desktop/Reporziturijum/urs-2024/lab-02/app-cmake/build/CMakeFiles/3.22.1/CompilerIdCXX/a.out"

Detecting C compiler ABI info compiled with the following output:
Change Dir: /home/filip/Desktop/Reporziturijum/urs-2024/lab-02/app-cmake/build/CMakeFiles/CMakeTmp

Run Build Command(s):/usr/bin/gmake -f Makefile cmTC_5419b/fast && /usr/bin/gmake  -f CMakeFiles/cmTC_5419b.dir/build.make CMakeFiles/cmTC_5419b.dir/build
gmake[1]: Entering directory '/home/filip/Desktop/Reporziturijum/urs-2024/lab-02/app-cmake/build/CMakeFiles/CMakeTmp'
Building C object CMakeFiles/cmTC_5419b.dir/CMakeCCompilerABI.c.o
/home/filip/x-tools/arm-etfbl-linux-gnueabihf/bin/arm-linux-gcc   -v -o CMakeFiles/cmTC_5419b.dir/CMakeCCompilerABI.c.o -c /usr/share/cmake-3.22/Modules/CMakeCCompilerABI.c
Using built-in specs.
COLLECT_GCC=/home/filip/x-tools/arm-etfbl-linux-gnueabihf/bin/arm-linux-gcc
Target: arm-etfbl-linux-gnueabihf
Configured with: /home/filip/crosstool-ng/.build/arm-etfbl-linux-gnueabihf/src/gcc/configure --build=x86_64-build_pc-linux-gnu --host=x86_64-build_pc-linux-gnu --target=arm-etfbl-linux-gnueabihf --prefix=/home/filip/x-tools/arm-etfbl-linux-gnueabihf --exec_prefix=/home/filip/x-tools/arm-etfbl-linux-gnueabihf --with-sysroot=/home/filip/x-tools/arm-etfbl-linux-gnueabihf/arm-etfbl-linux-gnueabihf/sysroot --enable-languages=c,c++ --with-cpu=cortex-a9 --with-fpu=neon --with-float=hard --with-pkgversion='crosstool-NG 1.26.0' --enable-__cxa_atexit --disable-libmudflap --disable-libgomp --disable-libssp --disable-libquadmath --disable-libquadmath-support --disable-libsanitizer --disable-libmpx --with-gmp=/home/filip/crosstool-ng/.build/arm-etfbl-linux-gnueabihf/buildtools --with-mpfr=/home/filip/crosstool-ng/.build/arm-etfbl-linux-gnueabihf/buildtools --with-mpc=/home/filip/crosstool-ng/.build/arm-etfbl-linux-gnueabihf/buildtools --with-isl=/home/filip/crosstool-ng/.build/arm-etfbl-linux-gnueabihf/buildtools --enable-lto --enable-threads=posix --enable-plugin --enable-gold --with-libintl-prefix=/home/filip/crosstool-ng/.build/arm-etfbl-linux-gnueabihf/buildtools --disable-multilib --with-local-prefix=/home/filip/x-tools/arm-etfbl-linux-gnueabihf/arm-etfbl-linux-gnueabihf/sysroot --enable-long-long
Thread model: posix
Supported LTO compression algorithms: zlib zstd
gcc version 13.2.0 (crosstool-NG 1.26.0) 
COLLECT_GCC_OPTIONS='-v' '-o' 'CMakeFiles/cmTC_5419b.dir/CMakeCCompilerABI.c.o' '-c' '-mcpu=cortex-a9' '-mfloat-abi=hard' '-mfpu=neon' '-mtls-dialect=gnu' '-marm' '-mlibarch=armv7-a+mp+sec+simd' '-march=armv7-a+mp+sec+simd' '-dumpdir' 'CMakeFiles/cmTC_5419b.dir/'
 /home/filip/x-tools/arm-etfbl-linux-gnueabihf/libexec/gcc/arm-etfbl-linux-gnueabihf/13.2.0/cc1 -quiet -v /usr/share/cmake-3.22/Modules/CMakeCCompilerABI.c -quiet -dumpdir CMakeFiles/cmTC_5419b.dir/ -dumpbase CMakeCCompilerABI.c.c -dumpbase-ext .c -mcpu=cortex-a9 -mfloat-abi=hard -mfpu=neon -mtls-dialect=gnu -marm -mlibarch=armv7-a+mp+sec+simd -march=armv7-a+mp+sec+simd -version -o /tmp/ccfhtnNg.s
GNU C17 (crosstool-NG 1.26.0) version 13.2.0 (arm-etfbl-linux-gnueabihf)
	compiled by GNU C version 11.4.0, GMP version 6.2.1, MPFR version 4.2.1, MPC version 1.2.1, isl version isl-0.26-GMP

GGC heuristics: --param ggc-min-expand=100 --param ggc-min-heapsize=131072
ignoring nonexistent directory "/home/filip/x-tools/arm-etfbl-linux-gnueabihf/arm-etfbl-linux-gnueabihf/sysroot/home/filip/x-tools/arm-etfbl-linux-gnueabihf/arm-etfbl-linux-gnueabihf/sysroot/include"
#include "..." search starts here:
#include <...> search starts here:
 /home/filip/x-tools/arm-etfbl-linux-gnueabihf/lib/gcc/arm-etfbl-linux-gnueabihf/13.2.0/include
 /home/filip/x-tools/arm-etfbl-linux-gnueabihf/lib/gcc/arm-etfbl-linux-gnueabihf/13.2.0/include-fixed
 /home/filip/x-tools/arm-etfbl-linux-gnueabihf/lib/gcc/arm-etfbl-linux-gnueabihf/13.2.0/../../../../arm-etfbl-linux-gnueabihf/include
 /home/filip/x-tools/arm-etfbl-linux-gnueabihf/arm-etfbl-linux-gnueabihf/sysroot/usr/include
End of search list.
Compiler executable checksum: d0dd924a1d8cf0c7da967f20a59bc4a4
COLLECT_GCC_OPTIONS='-v' '-o' 'CMakeFiles/cmTC_5419b.dir/CMakeCCompilerABI.c.o' '-c' '-mcpu=cortex-a9' '-mfloat-abi=hard' '-mfpu=neon' '-mtls-dialect=gnu' '-marm' '-mlibarch=armv7-a+mp+sec+simd' '-march=armv7-a+mp+sec+simd' '-dumpdir' 'CMakeFiles/cmTC_5419b.dir/'
 /home/filip/x-tools/arm-etfbl-linux-gnueabihf/lib/gcc/arm-etfbl-linux-gnueabihf/13.2.0/../../../../arm-etfbl-linux-gnueabihf/bin/as -v -march=armv7-a+mp+sec+simd -mfloat-abi=hard -mfpu=neon -meabi=5 -o CMakeFiles/cmTC_5419b.dir/CMakeCCompilerABI.c.o /tmp/ccfhtnNg.s
GNU assembler version 2.40 (arm-etfbl-linux-gnueabihf) using BFD version (crosstool-NG 1.26.0) 2.40
COMPILER_PATH=/home/filip/x-tools/arm-etfbl-linux-gnueabihf/libexec/gcc/arm-etfbl-linux-gnueabihf/13.2.0/:/home/filip/x-tools/arm-etfbl-linux-gnueabihf/libexec/gcc/arm-etfbl-linux-gnueabihf/13.2.0/:/home/filip/x-tools/arm-etfbl-linux-gnueabihf/libexec/gcc/arm-etfbl-linux-gnueabihf/:/home/filip/x-tools/arm-etfbl-linux-gnueabihf/lib/gcc/arm-etfbl-linux-gnueabihf/13.2.0/:/home/filip/x-tools/arm-etfbl-linux-gnueabihf/lib/gcc/arm-etfbl-linux-gnueabihf/:/home/filip/x-tools/arm-etfbl-linux-gnueabihf/lib/gcc/arm-etfbl-linux-gnueabihf/13.2.0/../../../../arm-etfbl-linux-gnueabihf/bin/
LIBRARY_PATH=/home/filip/x-tools/arm-etfbl-linux-gnueabihf/lib/gcc/arm-etfbl-linux-gnueabihf/13.2.0/:/home/filip/x-tools/arm-etfbl-linux-gnueabihf/lib/gcc/arm-etfbl-linux-gnueabihf/13.2.0/../../../../arm-etfbl-linux-gnueabihf/lib/:/home/filip/x-tools/arm-etfbl-linux-gnueabihf/arm-etfbl-linux-gnueabihf/sysroot/lib/:/home/filip/x-tools/arm-etfbl-linux-gnueabihf/arm-etfbl-linux-gnueabihf/sysroot/usr/lib/
COLLECT_GCC_OPTIONS='-v' '-o' 'CMakeFiles/cmTC_5419b.dir/CMakeCCompilerABI.c.o' '-c' '-mcpu=cortex-a9' '-mfloat-abi=hard' '-mfpu=neon' '-mtls-dialect=gnu' '-marm' '-mlibarch=armv7-a+mp+sec+simd' '-march=armv7-a+mp+sec+simd' '-dumpdir' 'CMakeFiles/cmTC_5419b.dir/CMakeCCompilerABI.c.'
Linking C executable cmTC_5419b
/usr/bin/cmake -E cmake_link_script CMakeFiles/cmTC_5419b.dir/link.txt --verbose=1
/home/filip/x-tools/arm-etfbl-linux-gnueabihf/bin/arm-linux-gcc  -v -rdynamic CMakeFiles/cmTC_5419b.dir/CMakeCCompilerABI.c.o -o cmTC_5419b 
Using built-in specs.
COLLECT_GCC=/home/filip/x-tools/arm-etfbl-linux-gnueabihf/bin/arm-linux-gcc
COLLECT_LTO_WRAPPER=/home/filip/x-tools/arm-etfbl-linux-gnueabihf/libexec/gcc/arm-etfbl-linux-gnueabihf/13.2.0/lto-wrapper
Target: arm-etfbl-linux-gnueabihf
Configured with: /home/filip/crosstool-ng/.build/arm-etfbl-linux-gnueabihf/src/gcc/configure --build=x86_64-build_pc-linux-gnu --host=x86_64-build_pc-linux-gnu --target=arm-etfbl-linux-gnueabihf --prefix=/home/filip/x-tools/arm-etfbl-linux-gnueabihf --exec_prefix=/home/filip/x-tools/arm-etfbl-linux-gnueabihf --with-sysroot=/home/filip/x-tools/arm-etfbl-linux-gnueabihf/arm-etfbl-linux-gnueabihf/sysroot --enable-languages=c,c++ --with-cpu=cortex-a9 --with-fpu=neon --with-float=hard --with-pkgversion='crosstool-NG 1.26.0' --enable-__cxa_atexit --disable-libmudflap --disable-libgomp --disable-libssp --disable-libquadmath --disable-libquadmath-support --disable-libsanitizer --disable-libmpx --with-gmp=/home/filip/crosstool-ng/.build/arm-etfbl-linux-gnueabihf/buildtools --with-mpfr=/home/filip/crosstool-ng/.build/arm-etfbl-linux-gnueabihf/buildtools --with-mpc=/home/filip/crosstool-ng/.build/arm-etfbl-linux-gnueabihf/buildtools --with-isl=/home/filip/crosstool-ng/.build/arm-etfbl-linux-gnueabihf/buildtools --enable-lto --enable-threads=posix --enable-plugin --enable-gold --with-libintl-prefix=/home/filip/crosstool-ng/.build/arm-etfbl-linux-gnueabihf/buildtools --disable-multilib --with-local-prefix=/home/filip/x-tools/arm-etfbl-linux-gnueabihf/arm-etfbl-linux-gnueabihf/sysroot --enable-long-long
Thread model: posix
Supported LTO compression algorithms: zlib zstd
gcc version 13.2.0 (crosstool-NG 1.26.0) 
COMPILER_PATH=/home/filip/x-tools/arm-etfbl-linux-gnueabihf/libexec/gcc/arm-etfbl-linux-gnueabihf/13.2.0/:/home/filip/x-tools/arm-etfbl-linux-gnueabihf/libexec/gcc/arm-etfbl-linux-gnueabihf/13.2.0/:/home/filip/x-tools/arm-etfbl-linux-gnueabihf/libexec/gcc/arm-etfbl-linux-gnueabihf/:/home/filip/x-tools/arm-etfbl-linux-gnueabihf/lib/gcc/arm-etfbl-linux-gnueabihf/13.2.0/:/home/filip/x-tools/arm-etfbl-linux-gnueabihf/lib/gcc/arm-etfbl-linux-gnueabihf/:/home/filip/x-tools/arm-etfbl-linux-gnueabihf/lib/gcc/arm-etfbl-linux-gnueabihf/13.2.0/../../../../arm-etfbl-linux-gnueabihf/bin/
LIBRARY_PATH=/home/filip/x-tools/arm-etfbl-linux-gnueabihf/lib/gcc/arm-etfbl-linux-gnueabihf/13.2.0/:/home/filip/x-tools/arm-etfbl-linux-gnueabihf/lib/gcc/arm-etfbl-linux-gnueabihf/13.2.0/../../../../arm-etfbl-linux-gnueabihf/lib/:/home/filip/x-tools/arm-etfbl-linux-gnueabihf/arm-etfbl-linux-gnueabihf/sysroot/lib/:/home/filip/x-tools/arm-etfbl-linux-gnueabihf/arm-etfbl-linux-gnueabihf/sysroot/usr/lib/
COLLECT_GCC_OPTIONS='-v' '-rdynamic' '-o' 'cmTC_5419b' '-mcpu=cortex-a9' '-mfloat-abi=hard' '-mfpu=neon' '-mtls-dialect=gnu' '-marm' '-mlibarch=armv7-a+mp+sec+simd' '-march=armv7-a+mp+sec+simd' '-dumpdir' 'cmTC_5419b.'
 /home/filip/x-tools/arm-etfbl-linux-gnueabihf/libexec/gcc/arm-etfbl-linux-gnueabihf/13.2.0/collect2 -plugin /home/filip/x-tools/arm-etfbl-linux-gnueabihf/libexec/gcc/arm-etfbl-linux-gnueabihf/13.2.0/liblto_plugin.so -plugin-opt=/home/filip/x-tools/arm-etfbl-linux-gnueabihf/libexec/gcc/arm-etfbl-linux-gnueabihf/13.2.0/lto-wrapper -plugin-opt=-fresolution=/tmp/cc5PWBYO.res -plugin-opt=-pass-through=-lgcc -plugin-opt=-pass-through=-lgcc_s -plugin-opt=-pass-through=-lc -plugin-opt=-pass-through=-lgcc -plugin-opt=-pass-through=-lgcc_s --sysroot=/home/filip/x-tools/arm-etfbl-linux-gnueabihf/arm-etfbl-linux-gnueabihf/sysroot --eh-frame-hdr -export-dynamic -dynamic-linker /lib/ld-linux-armhf.so.3 -X -m armelf_linux_eabi -o cmTC_5419b /home/filip/x-tools/arm-etfbl-linux-gnueabihf/arm-etfbl-linux-gnueabihf/sysroot/usr/lib/crt1.o /home/filip/x-tools/arm-etfbl-linux-gnueabihf/arm-etfbl-linux-gnueabihf/sysroot/usr/lib/crti.o /home/filip/x-tools/arm-etfbl-linux-gnueabihf/lib/gcc/arm-etfbl-linux-gnueabihf/13.2.0/crtbegin.o -L/home/filip/x-tools/arm-etfbl-linux-gnueabihf/lib/gcc/arm-etfbl-linux-gnueabihf/13.2.0 -L/home/filip/x-tools/arm-etfbl-linux-gnueabihf/lib/gcc/arm-etfbl-linux-gnueabihf/13.2.0/../../../../arm-etfbl-linux-gnueabihf/lib -L/home/filip/x-tools/arm-etfbl-linux-gnueabihf/arm-etfbl-linux-gnueabihf/sysroot/lib -L/home/filip/x-tools/arm-etfbl-linux-gnueabihf/arm-etfbl-linux-gnueabihf/sysroot/usr/lib CMakeFiles/cmTC_5419b.dir/CMakeCCompilerABI.c.o -lgcc --push-state --as-needed -lgcc_s --pop-state -lc -lgcc --push-state --as-needed -lgcc_s --pop-state /home/filip/x-tools/arm-etfbl-linux-gnueabihf/lib/gcc/arm-etfbl-linux-gnueabihf/13.2.0/crtend.o /home/filip/x-tools/arm-etfbl-linux-gnueabihf/arm-etfbl-linux-gnueabihf/sysroot/usr/lib/crtn.o
COLLECT_GCC_OPTIONS='-v' '-rdynamic' '-o' 'cmTC_5419b' '-mcpu=cortex-a9' '-mfloat-abi=hard' '-mfpu=neon' '-mtls-dialect=gnu' '-marm' '-mlibarch=armv7-a+mp+sec+simd' '-march=armv7-a+mp+sec+simd' '-dumpdir' 'cmTC_5419b.'
gmake[1]: Leaving directory '/home/filip/Desktop/Reporziturijum/urs-2024/lab-02/app-cmake/build/CMakeFiles/CMakeTmp'



Parsed C implicit include dir info from above output: rv=done
  found start of include info
  found start of implicit include info
    add: [/home/filip/x-tools/arm-etfbl-linux-gnueabihf/lib/gcc/arm-etfbl-linux-gnueabihf/13.2.0/include]
    add: [/home/filip/x-tools/arm-etfbl-linux-gnueabihf/lib/gcc/arm-etfbl-linux-gnueabihf/13.2.0/include-fixed]
    add: [/home/filip/x-tools/arm-etfbl-linux-gnueabihf/lib/gcc/arm-etfbl-linux-gnueabihf/13.2.0/../../../../arm-etfbl-linux-gnueabihf/include]
    add: [/home/filip/x-tools/arm-etfbl-linux-gnueabihf/arm-etfbl-linux-gnueabihf/sysroot/usr/include]
  end of search list found
  collapse include dir [/home/filip/x-tools/arm-etfbl-linux-gnueabihf/lib/gcc/arm-etfbl-linux-gnueabihf/13.2.0/include] ==> [/home/filip/x-tools/arm-etfbl-linux-gnueabihf/lib/gcc/arm-etfbl-linux-gnueabihf/13.2.0/include]
  collapse include dir [/home/filip/x-tools/arm-etfbl-linux-gnueabihf/lib/gcc/arm-etfbl-linux-gnueabihf/13.2.0/include-fixed] ==> [/home/filip/x-tools/arm-etfbl-linux-gnueabihf/lib/gcc/arm-etfbl-linux-gnueabihf/13.2.0/include-fixed]
  collapse include dir [/home/filip/x-tools/arm-etfbl-linux-gnueabihf/lib/gcc/arm-etfbl-linux-gnueabihf/13.2.0/../../../../arm-etfbl-linux-gnueabihf/include] ==> [/home/filip/x-tools/arm-etfbl-linux-gnueabihf/arm-etfbl-linux-gnueabihf/include]
  collapse include dir [/home/filip/x-tools/arm-etfbl-linux-gnueabihf/arm-etfbl-linux-gnueabihf/sysroot/usr/include] ==> [/home/filip/x-tools/arm-etfbl-linux-gnueabihf/arm-etfbl-linux-gnueabihf/sysroot/usr/include]
  implicit include dirs: [/home/filip/x-tools/arm-etfbl-linux-gnueabihf/lib/gcc/arm-etfbl-linux-gnueabihf/13.2.0/include;/home/filip/x-tools/arm-etfbl-linux-gnueabihf/lib/gcc/arm-etfbl-linux-gnueabihf/13.2.0/include-fixed;/home/filip/x-tools/arm-etfbl-linux-gnueabihf/arm-etfbl-linux-gnueabihf/include;/home/filip/x-tools/arm-etfbl-linux-gnueabihf/arm-etfbl-linux-gnueabihf/sysroot/usr/include]


Parsed C implicit link information from above output:
  link line regex: [^( *|.*[/\])(arm-linux-ld|CMAKE_LINK_STARTFILE-NOTFOUND|([^/\]+-)?ld|collect2)[^/\]*( |$)]
  ignore line: [Change Dir: /home/filip/Desktop/Reporziturijum/urs-2024/lab-02/app-cmake/build/CMakeFiles/CMakeTmp]
  ignore line: []
  ignore line: [Run Build Command(s):/usr/bin/gmake -f Makefile cmTC_5419b/fast && /usr/bin/gmake  -f CMakeFiles/cmTC_5419b.dir/build.make CMakeFiles/cmTC_5419b.dir/build]
  ignore line: [gmake[1]: Entering directory '/home/filip/Desktop/Reporziturijum/urs-2024/lab-02/app-cmake/build/CMakeFiles/CMakeTmp']
  ignore line: [Building C object CMakeFiles/cmTC_5419b.dir/CMakeCCompilerABI.c.o]
  ignore line: [/home/filip/x-tools/arm-etfbl-linux-gnueabihf/bin/arm-linux-gcc   -v -o CMakeFiles/cmTC_5419b.dir/CMakeCCompilerABI.c.o -c /usr/share/cmake-3.22/Modules/CMakeCCompilerABI.c]
  ignore line: [Using built-in specs.]
  ignore line: [COLLECT_GCC=/home/filip/x-tools/arm-etfbl-linux-gnueabihf/bin/arm-linux-gcc]
  ignore line: [Target: arm-etfbl-linux-gnueabihf]
  ignore line: [Configured with: /home/filip/crosstool-ng/.build/arm-etfbl-linux-gnueabihf/src/gcc/configure --build=x86_64-build_pc-linux-gnu --host=x86_64-build_pc-linux-gnu --target=arm-etfbl-linux-gnueabihf --prefix=/home/filip/x-tools/arm-etfbl-linux-gnueabihf --exec_prefix=/home/filip/x-tools/arm-etfbl-linux-gnueabihf --with-sysroot=/home/filip/x-tools/arm-etfbl-linux-gnueabihf/arm-etfbl-linux-gnueabihf/sysroot --enable-languages=c c++ --with-cpu=cortex-a9 --with-fpu=neon --with-float=hard --with-pkgversion='crosstool-NG 1.26.0' --enable-__cxa_atexit --disable-libmudflap --disable-libgomp --disable-libssp --disable-libquadmath --disable-libquadmath-support --disable-libsanitizer --disable-libmpx --with-gmp=/home/filip/crosstool-ng/.build/arm-etfbl-linux-gnueabihf/buildtools --with-mpfr=/home/filip/crosstool-ng/.build/arm-etfbl-linux-gnueabihf/buildtools --with-mpc=/home/filip/crosstool-ng/.build/arm-etfbl-linux-gnueabihf/buildtools --with-isl=/home/filip/crosstool-ng/.build/arm-etfbl-linux-gnueabihf/buildtools --enable-lto --enable-threads=posix --enable-plugin --enable-gold --with-libintl-prefix=/home/filip/crosstool-ng/.build/arm-etfbl-linux-gnueabihf/buildtools --disable-multilib --with-local-prefix=/home/filip/x-tools/arm-etfbl-linux-gnueabihf/arm-etfbl-linux-gnueabihf/sysroot --enable-long-long]
  ignore line: [Thread model: posix]
  ignore line: [Supported LTO compression algorithms: zlib zstd]
  ignore line: [gcc version 13.2.0 (crosstool-NG 1.26.0) ]
  ignore line: [COLLECT_GCC_OPTIONS='-v' '-o' 'CMakeFiles/cmTC_5419b.dir/CMakeCCompilerABI.c.o' '-c' '-mcpu=cortex-a9' '-mfloat-abi=hard' '-mfpu=neon' '-mtls-dialect=gnu' '-marm' '-mlibarch=armv7-a+mp+sec+simd' '-march=armv7-a+mp+sec+simd' '-dumpdir' 'CMakeFiles/cmTC_5419b.dir/']
  ignore line: [ /home/filip/x-tools/arm-etfbl-linux-gnueabihf/libexec/gcc/arm-etfbl-linux-gnueabihf/13.2.0/cc1 -quiet -v /usr/share/cmake-3.22/Modules/CMakeCCompilerABI.c -quiet -dumpdir CMakeFiles/cmTC_5419b.dir/ -dumpbase CMakeCCompilerABI.c.c -dumpbase-ext .c -mcpu=cortex-a9 -mfloat-abi=hard -mfpu=neon -mtls-dialect=gnu -marm -mlibarch=armv7-a+mp+sec+simd -march=armv7-a+mp+sec+simd -version -o /tmp/ccfhtnNg.s]
  ignore line: [GNU C17 (crosstool-NG 1.26.0) version 13.2.0 (arm-etfbl-linux-gnueabihf)]
  ignore line: [	compiled by GNU C version 11.4.0  GMP version 6.2.1  MPFR version 4.2.1  MPC version 1.2.1  isl version isl-0.26-GMP]
  ignore line: []
  ignore line: [GGC heuristics: --param ggc-min-expand=100 --param ggc-min-heapsize=131072]
  ignore line: [ignoring nonexistent directory "/home/filip/x-tools/arm-etfbl-linux-gnueabihf/arm-etfbl-linux-gnueabihf/sysroot/home/filip/x-tools/arm-etfbl-linux-gnueabihf/arm-etfbl-linux-gnueabihf/sysroot/include"]
  ignore line: [#include "..." search starts here:]
  ignore line: [#include <...> search starts here:]
  ignore line: [ /home/filip/x-tools/arm-etfbl-linux-gnueabihf/lib/gcc/arm-etfbl-linux-gnueabihf/13.2.0/include]
  ignore line: [ /home/filip/x-tools/arm-etfbl-linux-gnueabihf/lib/gcc/arm-etfbl-linux-gnueabihf/13.2.0/include-fixed]
  ignore line: [ /home/filip/x-tools/arm-etfbl-linux-gnueabihf/lib/gcc/arm-etfbl-linux-gnueabihf/13.2.0/../../../../arm-etfbl-linux-gnueabihf/include]
  ignore line: [ /home/filip/x-tools/arm-etfbl-linux-gnueabihf/arm-etfbl-linux-gnueabihf/sysroot/usr/include]
  ignore line: [End of search list.]
  ignore line: [Compiler executable checksum: d0dd924a1d8cf0c7da967f20a59bc4a4]
  ignore line: [COLLECT_GCC_OPTIONS='-v' '-o' 'CMakeFiles/cmTC_5419b.dir/CMakeCCompilerABI.c.o' '-c' '-mcpu=cortex-a9' '-mfloat-abi=hard' '-mfpu=neon' '-mtls-dialect=gnu' '-marm' '-mlibarch=armv7-a+mp+sec+simd' '-march=armv7-a+mp+sec+simd' '-dumpdir' 'CMakeFiles/cmTC_5419b.dir/']
  ignore line: [ /home/filip/x-tools/arm-etfbl-linux-gnueabihf/lib/gcc/arm-etfbl-linux-gnueabihf/13.2.0/../../../../arm-etfbl-linux-gnueabihf/bin/as -v -march=armv7-a+mp+sec+simd -mfloat-abi=hard -mfpu=neon -meabi=5 -o CMakeFiles/cmTC_5419b.dir/CMakeCCompilerABI.c.o /tmp/ccfhtnNg.s]
  ignore line: [GNU assembler version 2.40 (arm-etfbl-linux-gnueabihf) using BFD version (crosstool-NG 1.26.0) 2.40]
  ignore line: [COMPILER_PATH=/home/filip/x-tools/arm-etfbl-linux-gnueabihf/libexec/gcc/arm-etfbl-linux-gnueabihf/13.2.0/:/home/filip/x-tools/arm-etfbl-linux-gnueabihf/libexec/gcc/arm-etfbl-linux-gnueabihf/13.2.0/:/home/filip/x-tools/arm-etfbl-linux-gnueabihf/libexec/gcc/arm-etfbl-linux-gnueabihf/:/home/filip/x-tools/arm-etfbl-linux-gnueabihf/lib/gcc/arm-etfbl-linux-gnueabihf/13.2.0/:/home/filip/x-tools/arm-etfbl-linux-gnueabihf/lib/gcc/arm-etfbl-linux-gnueabihf/:/home/filip/x-tools/arm-etfbl-linux-gnueabihf/lib/gcc/arm-etfbl-linux-gnueabihf/13.2.0/../../../../arm-etfbl-linux-gnueabihf/bin/]
  ignore line: [LIBRARY_PATH=/home/filip/x-tools/arm-etfbl-linux-gnueabihf/lib/gcc/arm-etfbl-linux-gnueabihf/13.2.0/:/home/filip/x-tools/arm-etfbl-linux-gnueabihf/lib/gcc/arm-etfbl-linux-gnueabihf/13.2.0/../../../../arm-etfbl-linux-gnueabihf/lib/:/home/filip/x-tools/arm-etfbl-linux-gnueabihf/arm-etfbl-linux-gnueabihf/sysroot/lib/:/home/filip/x-tools/arm-etfbl-linux-gnueabihf/arm-etfbl-linux-gnueabihf/sysroot/usr/lib/]
  ignore line: [COLLECT_GCC_OPTIONS='-v' '-o' 'CMakeFiles/cmTC_5419b.dir/CMakeCCompilerABI.c.o' '-c' '-mcpu=cortex-a9' '-mfloat-abi=hard' '-mfpu=neon' '-mtls-dialect=gnu' '-marm' '-mlibarch=armv7-a+mp+sec+simd' '-march=armv7-a+mp+sec+simd' '-dumpdir' 'CMakeFiles/cmTC_5419b.dir/CMakeCCompilerABI.c.']
  ignore line: [Linking C executable cmTC_5419b]
  ignore line: [/usr/bin/cmake -E cmake_link_script CMakeFiles/cmTC_5419b.dir/link.txt --verbose=1]
  ignore line: [/home/filip/x-tools/arm-etfbl-linux-gnueabihf/bin/arm-linux-gcc  -v -rdynamic CMakeFiles/cmTC_5419b.dir/CMakeCCompilerABI.c.o -o cmTC_5419b ]
  ignore line: [Using built-in specs.]
  ignore line: [COLLECT_GCC=/home/filip/x-tools/arm-etfbl-linux-gnueabihf/bin/arm-linux-gcc]
  ignore line: [COLLECT_LTO_WRAPPER=/home/filip/x-tools/arm-etfbl-linux-gnueabihf/libexec/gcc/arm-etfbl-linux-gnueabihf/13.2.0/lto-wrapper]
  ignore line: [Target: arm-etfbl-linux-gnueabihf]
  ignore line: [Configured with: /home/filip/crosstool-ng/.build/arm-etfbl-linux-gnueabihf/src/gcc/configure --build=x86_64-build_pc-linux-gnu --host=x86_64-build_pc-linux-gnu --target=arm-etfbl-linux-gnueabihf --prefix=/home/filip/x-tools/arm-etfbl-linux-gnueabihf --exec_prefix=/home/filip/x-tools/arm-etfbl-linux-gnueabihf --with-sysroot=/home/filip/x-tools/arm-etfbl-linux-gnueabihf/arm-etfbl-linux-gnueabihf/sysroot --enable-languages=c c++ --with-cpu=cortex-a9 --with-fpu=neon --with-float=hard --with-pkgversion='crosstool-NG 1.26.0' --enable-__cxa_atexit --disable-libmudflap --disable-libgomp --disable-libssp --disable-libquadmath --disable-libquadmath-support --disable-libsanitizer --disable-libmpx --with-gmp=/home/filip/crosstool-ng/.build/arm-etfbl-linux-gnueabihf/buildtools --with-mpfr=/home/filip/crosstool-ng/.build/arm-etfbl-linux-gnueabihf/buildtools --with-mpc=/home/filip/crosstool-ng/.build/arm-etfbl-linux-gnueabihf/buildtools --with-isl=/home/filip/crosstool-ng/.build/arm-etfbl-linux-gnueabihf/buildtools --enable-lto --enable-threads=posix --enable-plugin --enable-gold --with-libintl-prefix=/home/filip/crosstool-ng/.build/arm-etfbl-linux-gnueabihf/buildtools --disable-multilib --with-local-prefix=/home/filip/x-tools/arm-etfbl-linux-gnueabihf/arm-etfbl-linux-gnueabihf/sysroot --enable-long-long]
  ignore line: [Thread model: posix]
  ignore line: [Supported LTO compression algorithms: zlib zstd]
  ignore line: [gcc version 13.2.0 (crosstool-NG 1.26.0) ]
  ignore line: [COMPILER_PATH=/home/filip/x-tools/arm-etfbl-linux-gnueabihf/libexec/gcc/arm-etfbl-linux-gnueabihf/13.2.0/:/home/filip/x-tools/arm-etfbl-linux-gnueabihf/libexec/gcc/arm-etfbl-linux-gnueabihf/13.2.0/:/home/filip/x-tools/arm-etfbl-linux-gnueabihf/libexec/gcc/arm-etfbl-linux-gnueabihf/:/home/filip/x-tools/arm-etfbl-linux-gnueabihf/lib/gcc/arm-etfbl-linux-gnueabihf/13.2.0/:/home/filip/x-tools/arm-etfbl-linux-gnueabihf/lib/gcc/arm-etfbl-linux-gnueabihf/:/home/filip/x-tools/arm-etfbl-linux-gnueabihf/lib/gcc/arm-etfbl-linux-gnueabihf/13.2.0/../../../../arm-etfbl-linux-gnueabihf/bin/]
  ignore line: [LIBRARY_PATH=/home/filip/x-tools/arm-etfbl-linux-gnueabihf/lib/gcc/arm-etfbl-linux-gnueabihf/13.2.0/:/home/filip/x-tools/arm-etfbl-linux-gnueabihf/lib/gcc/arm-etfbl-linux-gnueabihf/13.2.0/../../../../arm-etfbl-linux-gnueabihf/lib/:/home/filip/x-tools/arm-etfbl-linux-gnueabihf/arm-etfbl-linux-gnueabihf/sysroot/lib/:/home/filip/x-tools/arm-etfbl-linux-gnueabihf/arm-etfbl-linux-gnueabihf/sysroot/usr/lib/]
  ignore line: [COLLECT_GCC_OPTIONS='-v' '-rdynamic' '-o' 'cmTC_5419b' '-mcpu=cortex-a9' '-mfloat-abi=hard' '-mfpu=neon' '-mtls-dialect=gnu' '-marm' '-mlibarch=armv7-a+mp+sec+simd' '-march=armv7-a+mp+sec+simd' '-dumpdir' 'cmTC_5419b.']
  link line: [ /home/filip/x-tools/arm-etfbl-linux-gnueabihf/libexec/gcc/arm-etfbl-linux-gnueabihf/13.2.0/collect2 -plugin /home/filip/x-tools/arm-etfbl-linux-gnueabihf/libexec/gcc/arm-etfbl-linux-gnueabihf/13.2.0/liblto_plugin.so -plugin-opt=/home/filip/x-tools/arm-etfbl-linux-gnueabihf/libexec/gcc/arm-etfbl-linux-gnueabihf/13.2.0/lto-wrapper -plugin-opt=-fresolution=/tmp/cc5PWBYO.res -plugin-opt=-pass-through=-lgcc -plugin-opt=-pass-through=-lgcc_s -plugin-opt=-pass-through=-lc -plugin-opt=-pass-through=-lgcc -plugin-opt=-pass-through=-lgcc_s --sysroot=/home/filip/x-tools/arm-etfbl-linux-gnueabihf/arm-etfbl-linux-gnueabihf/sysroot --eh-frame-hdr -export-dynamic -dynamic-linker /lib/ld-linux-armhf.so.3 -X -m armelf_linux_eabi -o cmTC_5419b /home/filip/x-tools/arm-etfbl-linux-gnueabihf/arm-etfbl-linux-gnueabihf/sysroot/usr/lib/crt1.o /home/filip/x-tools/arm-etfbl-linux-gnueabihf/arm-etfbl-linux-gnueabihf/sysroot/usr/lib/crti.o /home/filip/x-tools/arm-etfbl-linux-gnueabihf/lib/gcc/arm-etfbl-linux-gnueabihf/13.2.0/crtbegin.o -L/home/filip/x-tools/arm-etfbl-linux-gnueabihf/lib/gcc/arm-etfbl-linux-gnueabihf/13.2.0 -L/home/filip/x-tools/arm-etfbl-linux-gnueabihf/lib/gcc/arm-etfbl-linux-gnueabihf/13.2.0/../../../../arm-etfbl-linux-gnueabihf/lib -L/home/filip/x-tools/arm-etfbl-linux-gnueabihf/arm-etfbl-linux-gnueabihf/sysroot/lib -L/home/filip/x-tools/arm-etfbl-linux-gnueabihf/arm-etfbl-linux-gnueabihf/sysroot/usr/lib CMakeFiles/cmTC_5419b.dir/CMakeCCompilerABI.c.o -lgcc --push-state --as-needed -lgcc_s --pop-state -lc -lgcc --push-state --as-needed -lgcc_s --pop-state /home/filip/x-tools/arm-etfbl-linux-gnueabihf/lib/gcc/arm-etfbl-linux-gnueabihf/13.2.0/crtend.o /home/filip/x-tools/arm-etfbl-linux-gnueabihf/arm-etfbl-linux-gnueabihf/sysroot/usr/lib/crtn.o]
    arg [/home/filip/x-tools/arm-etfbl-linux-gnueabihf/libexec/gcc/arm-etfbl-linux-gnueabihf/13.2.0/collect2] ==> ignore
    arg [-plugin] ==> ignore
    arg [/home/filip/x-tools/arm-etfbl-linux-gnueabihf/libexec/gcc/arm-etfbl-linux-gnueabihf/13.2.0/liblto_plugin.so] ==> ignore
    arg [-plugin-opt=/home/filip/x-tools/arm-etfbl-linux-gnueabihf/libexec/gcc/arm-etfbl-linux-gnueabihf/13.2.0/lto-wrapper] ==> ignore
    arg [-plugin-opt=-fresolution=/tmp/cc5PWBYO.res] ==> ignore
    arg [-plugin-opt=-pass-through=-lgcc] ==> ignore
    arg [-plugin-opt=-pass-through=-lgcc_s] ==> ignore
    arg [-plugin-opt=-pass-through=-lc] ==> ignore
    arg [-plugin-opt=-pass-through=-lgcc] ==> ignore
    arg [-plugin-opt=-pass-through=-lgcc_s] ==> ignore
    arg [--sysroot=/home/filip/x-tools/arm-etfbl-linux-gnueabihf/arm-etfbl-linux-gnueabihf/sysroot] ==> ignore
    arg [--eh-frame-hdr] ==> ignore
    arg [-export-dynamic] ==> ignore
    arg [-dynamic-linker] ==> ignore
    arg [/lib/ld-linux-armhf.so.3] ==> ignore
    arg [-X] ==> ignore
    arg [-m] ==> ignore
    arg [armelf_linux_eabi] ==> ignore
    arg [-o] ==> ignore
    arg [cmTC_5419b] ==> ignore
    arg [/home/filip/x-tools/arm-etfbl-linux-gnueabihf/arm-etfbl-linux-gnueabihf/sysroot/usr/lib/crt1.o] ==> obj [/home/filip/x-tools/arm-etfbl-linux-gnueabihf/arm-etfbl-linux-gnueabihf/sysroot/usr/lib/crt1.o]
    arg [/home/filip/x-tools/arm-etfbl-linux-gnueabihf/arm-etfbl-linux-gnueabihf/sysroot/usr/lib/crti.o] ==> obj [/home/filip/x-tools/arm-etfbl-linux-gnueabihf/arm-etfbl-linux-gnueabihf/sysroot/usr/lib/crti.o]
    arg [/home/filip/x-tools/arm-etfbl-linux-gnueabihf/lib/gcc/arm-etfbl-linux-gnueabihf/13.2.0/crtbegin.o] ==> obj [/home/filip/x-tools/arm-etfbl-linux-gnueabihf/lib/gcc/arm-etfbl-linux-gnueabihf/13.2.0/crtbegin.o]
    arg [-L/home/filip/x-tools/arm-etfbl-linux-gnueabihf/lib/gcc/arm-etfbl-linux-gnueabihf/13.2.0] ==> dir [/home/filip/x-tools/arm-etfbl-linux-gnueabihf/lib/gcc/arm-etfbl-linux-gnueabihf/13.2.0]
    arg [-L/home/filip/x-tools/arm-etfbl-linux-gnueabihf/lib/gcc/arm-etfbl-linux-gnueabihf/13.2.0/../../../../arm-etfbl-linux-gnueabihf/lib] ==> dir [/home/filip/x-tools/arm-etfbl-linux-gnueabihf/lib/gcc/arm-etfbl-linux-gnueabihf/13.2.0/../../../../arm-etfbl-linux-gnueabihf/lib]
    arg [-L/home/filip/x-tools/arm-etfbl-linux-gnueabihf/arm-etfbl-linux-gnueabihf/sysroot/lib] ==> dir [/home/filip/x-tools/arm-etfbl-linux-gnueabihf/arm-etfbl-linux-gnueabihf/sysroot/lib]
    arg [-L/home/filip/x-tools/arm-etfbl-linux-gnueabihf/arm-etfbl-linux-gnueabihf/sysroot/usr/lib] ==> dir [/home/filip/x-tools/arm-etfbl-linux-gnueabihf/arm-etfbl-linux-gnueabihf/sysroot/usr/lib]
    arg [CMakeFiles/cmTC_5419b.dir/CMakeCCompilerABI.c.o] ==> ignore
    arg [-lgcc] ==> lib [gcc]
    arg [--push-state] ==> ignore
    arg [--as-needed] ==> ignore
    arg [-lgcc_s] ==> lib [gcc_s]
    arg [--pop-state] ==> ignore
    arg [-lc] ==> lib [c]
    arg [-lgcc] ==> lib [gcc]
    arg [--push-state] ==> ignore
    arg [--as-needed] ==> ignore
    arg [-lgcc_s] ==> lib [gcc_s]
    arg [--pop-state] ==> ignore
    arg [/home/filip/x-tools/arm-etfbl-linux-gnueabihf/lib/gcc/arm-etfbl-linux-gnueabihf/13.2.0/crtend.o] ==> obj [/home/filip/x-tools/arm-etfbl-linux-gnueabihf/lib/gcc/arm-etfbl-linux-gnueabihf/13.2.0/crtend.o]
    arg [/home/filip/x-tools/arm-etfbl-linux-gnueabihf/arm-etfbl-linux-gnueabihf/sysroot/usr/lib/crtn.o] ==> obj [/home/filip/x-tools/arm-etfbl-linux-gnueabihf/arm-etfbl-linux-gnueabihf/sysroot/usr/lib/crtn.o]
  collapse library dir [/home/filip/x-tools/arm-etfbl-linux-gnueabihf/lib/gcc/arm-etfbl-linux-gnueabihf/13.2.0] ==> [/home/filip/x-tools/arm-etfbl-linux-gnueabihf/lib/gcc/arm-etfbl-linux-gnueabihf/13.2.0]
  collapse library dir [/home/filip/x-tools/arm-etfbl-linux-gnueabihf/lib/gcc/arm-etfbl-linux-gnueabihf/13.2.0/../../../../arm-etfbl-linux-gnueabihf/lib] ==> [/home/filip/x-tools/arm-etfbl-linux-gnueabihf/arm-etfbl-linux-gnueabihf/lib]
  collapse library dir [/home/filip/x-tools/arm-etfbl-linux-gnueabihf/arm-etfbl-linux-gnueabihf/sysroot/lib] ==> [/home/filip/x-tools/arm-etfbl-linux-gnueabihf/arm-etfbl-linux-gnueabihf/sysroot/lib]
  collapse library dir [/home/filip/x-tools/arm-etfbl-linux-gnueabihf/arm-etfbl-linux-gnueabihf/sysroot/usr/lib] ==> [/home/filip/x-tools/arm-etfbl-linux-gnueabihf/arm-etfbl-linux-gnueabihf/sysroot/usr/lib]
  implicit libs: [gcc;gcc_s;c;gcc;gcc_s]
  implicit objs: [/home/filip/x-tools/arm-etfbl-linux-gnueabihf/arm-etfbl-linux-gnueabihf/sysroot/usr/lib/crt1.o;/home/filip/x-tools/arm-etfbl-linux-gnueabihf/arm-etfbl-linux-gnueabihf/sysroot/usr/lib/crti.o;/home/filip/x-tools/arm-etfbl-linux-gnueabihf/lib/gcc/arm-etfbl-linux-gnueabihf/13.2.0/crtbegin.o;/home/filip/x-tools/arm-etfbl-linux-gnueabihf/lib/gcc/arm-etfbl-linux-gnueabihf/13.2.0/crtend.o;/home/filip/x-tools/arm-etfbl-linux-gnueabihf/arm-etfbl-linux-gnueabihf/sysroot/usr/lib/crtn.o]
  implicit dirs: [/home/filip/x-tools/arm-etfbl-linux-gnueabihf/lib/gcc/arm-etfbl-linux-gnueabihf/13.2.0;/home/filip/x-tools/arm-etfbl-linux-gnueabihf/arm-etfbl-linux-gnueabihf/lib;/home/filip/x-tools/arm-etfbl-linux-gnueabihf/arm-etfbl-linux-gnueabihf/sysroot/lib;/home/filip/x-tools/arm-etfbl-linux-gnueabihf/arm-etfbl-linux-gnueabihf/sysroot/usr/lib]
  implicit fwks: []


Detecting CXX compiler ABI info compiled with the following output:
Change Dir: /home/filip/Desktop/Reporziturijum/urs-2024/lab-02/app-cmake/build/CMakeFiles/CMakeTmp

Run Build Command(s):/usr/bin/gmake -f Makefile cmTC_0fc61/fast && /usr/bin/gmake  -f CMakeFiles/cmTC_0fc61.dir/build.make CMakeFiles/cmTC_0fc61.dir/build
gmake[1]: Entering directory '/home/filip/Desktop/Reporziturijum/urs-2024/lab-02/app-cmake/build/CMakeFiles/CMakeTmp'
Building CXX object CMakeFiles/cmTC_0fc61.dir/CMakeCXXCompilerABI.cpp.o
/home/filip/x-tools/arm-etfbl-linux-gnueabihf/bin/arm-linux-c++   -v -o CMakeFiles/cmTC_0fc61.dir/CMakeCXXCompilerABI.cpp.o -c /usr/share/cmake-3.22/Modules/CMakeCXXCompilerABI.cpp
Using built-in specs.
COLLECT_GCC=/home/filip/x-tools/arm-etfbl-linux-gnueabihf/bin/arm-linux-c++
Target: arm-etfbl-linux-gnueabihf
Configured with: /home/filip/crosstool-ng/.build/arm-etfbl-linux-gnueabihf/src/gcc/configure --build=x86_64-build_pc-linux-gnu --host=x86_64-build_pc-linux-gnu --target=arm-etfbl-linux-gnueabihf --prefix=/home/filip/x-tools/arm-etfbl-linux-gnueabihf --exec_prefix=/home/filip/x-tools/arm-etfbl-linux-gnueabihf --with-sysroot=/home/filip/x-tools/arm-etfbl-linux-gnueabihf/arm-etfbl-linux-gnueabihf/sysroot --enable-languages=c,c++ --with-cpu=cortex-a9 --with-fpu=neon --with-float=hard --with-pkgversion='crosstool-NG 1.26.0' --enable-__cxa_atexit --disable-libmudflap --disable-libgomp --disable-libssp --disable-libquadmath --disable-libquadmath-support --disable-libsanitizer --disable-libmpx --with-gmp=/home/filip/crosstool-ng/.build/arm-etfbl-linux-gnueabihf/buildtools --with-mpfr=/home/filip/crosstool-ng/.build/arm-etfbl-linux-gnueabihf/buildtools --with-mpc=/home/filip/crosstool-ng/.build/arm-etfbl-linux-gnueabihf/buildtools --with-isl=/home/filip/crosstool-ng/.build/arm-etfbl-linux-gnueabihf/buildtools --enable-lto --enable-threads=posix --enable-plugin --enable-gold --with-libintl-prefix=/home/filip/crosstool-ng/.build/arm-etfbl-linux-gnueabihf/buildtools --disable-multilib --with-local-prefix=/home/filip/x-tools/arm-etfbl-linux-gnueabihf/arm-etfbl-linux-gnueabihf/sysroot --enable-long-long
Thread model: posix
Supported LTO compression algorithms: zlib zstd
gcc version 13.2.0 (crosstool-NG 1.26.0) 
COLLECT_GCC_OPTIONS='-v' '-o' 'CMakeFiles/cmTC_0fc61.dir/CMakeCXXCompilerABI.cpp.o' '-c' '-shared-libgcc' '-mcpu=cortex-a9' '-mfloat-abi=hard' '-mfpu=neon' '-mtls-dialect=gnu' '-marm' '-mlibarch=armv7-a+mp+sec+simd' '-march=armv7-a+mp+sec+simd' '-dumpdir' 'CMakeFiles/cmTC_0fc61.dir/'
 /home/filip/x-tools/arm-etfbl-linux-gnueabihf/libexec/gcc/arm-etfbl-linux-gnueabihf/13.2.0/cc1plus -quiet -v -D_GNU_SOURCE /usr/share/cmake-3.22/Modules/CMakeCXXCompilerABI.cpp -quiet -dumpdir CMakeFiles/cmTC_0fc61.dir/ -dumpbase CMakeCXXCompilerABI.cpp.cpp -dumpbase-ext .cpp -mcpu=cortex-a9 -mfloat-abi=hard -mfpu=neon -mtls-dialect=gnu -marm -mlibarch=armv7-a+mp+sec+simd -march=armv7-a+mp+sec+simd -version -o /tmp/ccuX0Ci0.s
GNU C++17 (crosstool-NG 1.26.0) version 13.2.0 (arm-etfbl-linux-gnueabihf)
	compiled by GNU C version 11.4.0, GMP version 6.2.1, MPFR version 4.2.1, MPC version 1.2.1, isl version isl-0.26-GMP

GGC heuristics: --param ggc-min-expand=100 --param ggc-min-heapsize=131072
ignoring nonexistent directory "/home/filip/x-tools/arm-etfbl-linux-gnueabihf/arm-etfbl-linux-gnueabihf/sysroot/home/filip/x-tools/arm-etfbl-linux-gnueabihf/arm-etfbl-linux-gnueabihf/sysroot/include"
#include "..." search starts here:
#include <...> search starts here:
 /home/filip/x-tools/arm-etfbl-linux-gnueabihf/lib/gcc/arm-etfbl-linux-gnueabihf/13.2.0/../../../../arm-etfbl-linux-gnueabihf/include/c++/13.2.0
 /home/filip/x-tools/arm-etfbl-linux-gnueabihf/lib/gcc/arm-etfbl-linux-gnueabihf/13.2.0/../../../../arm-etfbl-linux-gnueabihf/include/c++/13.2.0/arm-etfbl-linux-gnueabihf
 /home/filip/x-tools/arm-etfbl-linux-gnueabihf/lib/gcc/arm-etfbl-linux-gnueabihf/13.2.0/../../../../arm-etfbl-linux-gnueabihf/include/c++/13.2.0/backward
 /home/filip/x-tools/arm-etfbl-linux-gnueabihf/lib/gcc/arm-etfbl-linux-gnueabihf/13.2.0/include
 /home/filip/x-tools/arm-etfbl-linux-gnueabihf/lib/gcc/arm-etfbl-linux-gnueabihf/13.2.0/include-fixed
 /home/filip/x-tools/arm-etfbl-linux-gnueabihf/lib/gcc/arm-etfbl-linux-gnueabihf/13.2.0/../../../../arm-etfbl-linux-gnueabihf/include
 /home/filip/x-tools/arm-etfbl-linux-gnueabihf/arm-etfbl-linux-gnueabihf/sysroot/usr/include
End of search list.
Compiler executable checksum: 14c2f057dc885cd563735c1eeae5d6f3
COLLECT_GCC_OPTIONS='-v' '-o' 'CMakeFiles/cmTC_0fc61.dir/CMakeCXXCompilerABI.cpp.o' '-c' '-shared-libgcc' '-mcpu=cortex-a9' '-mfloat-abi=hard' '-mfpu=neon' '-mtls-dialect=gnu' '-marm' '-mlibarch=armv7-a+mp+sec+simd' '-march=armv7-a+mp+sec+simd' '-dumpdir' 'CMakeFiles/cmTC_0fc61.dir/'
 /home/filip/x-tools/arm-etfbl-linux-gnueabihf/lib/gcc/arm-etfbl-linux-gnueabihf/13.2.0/../../../../arm-etfbl-linux-gnueabihf/bin/as -v -march=armv7-a+mp+sec+simd -mfloat-abi=hard -mfpu=neon -meabi=5 -o CMakeFiles/cmTC_0fc61.dir/CMakeCXXCompilerABI.cpp.o /tmp/ccuX0Ci0.s
GNU assembler version 2.40 (arm-etfbl-linux-gnueabihf) using BFD version (crosstool-NG 1.26.0) 2.40
COMPILER_PATH=/home/filip/x-tools/arm-etfbl-linux-gnueabihf/libexec/gcc/arm-etfbl-linux-gnueabihf/13.2.0/:/home/filip/x-tools/arm-etfbl-linux-gnueabihf/libexec/gcc/arm-etfbl-linux-gnueabihf/13.2.0/:/home/filip/x-tools/arm-etfbl-linux-gnueabihf/libexec/gcc/arm-etfbl-linux-gnueabihf/:/home/filip/x-tools/arm-etfbl-linux-gnueabihf/lib/gcc/arm-etfbl-linux-gnueabihf/13.2.0/:/home/filip/x-tools/arm-etfbl-linux-gnueabihf/lib/gcc/arm-etfbl-linux-gnueabihf/:/home/filip/x-tools/arm-etfbl-linux-gnueabihf/lib/gcc/arm-etfbl-linux-gnueabihf/13.2.0/../../../../arm-etfbl-linux-gnueabihf/bin/
LIBRARY_PATH=/home/filip/x-tools/arm-etfbl-linux-gnueabihf/lib/gcc/arm-etfbl-linux-gnueabihf/13.2.0/:/home/filip/x-tools/arm-etfbl-linux-gnueabihf/lib/gcc/arm-etfbl-linux-gnueabihf/13.2.0/../../../../arm-etfbl-linux-gnueabihf/lib/:/home/filip/x-tools/arm-etfbl-linux-gnueabihf/arm-etfbl-linux-gnueabihf/sysroot/lib/:/home/filip/x-tools/arm-etfbl-linux-gnueabihf/arm-etfbl-linux-gnueabihf/sysroot/usr/lib/
COLLECT_GCC_OPTIONS='-v' '-o' 'CMakeFiles/cmTC_0fc61.dir/CMakeCXXCompilerABI.cpp.o' '-c' '-shared-libgcc' '-mcpu=cortex-a9' '-mfloat-abi=hard' '-mfpu=neon' '-mtls-dialect=gnu' '-marm' '-mlibarch=armv7-a+mp+sec+simd' '-march=armv7-a+mp+sec+simd' '-dumpdir' 'CMakeFiles/cmTC_0fc61.dir/CMakeCXXCompilerABI.cpp.'
Linking CXX executable cmTC_0fc61
/usr/bin/cmake -E cmake_link_script CMakeFiles/cmTC_0fc61.dir/link.txt --verbose=1
/home/filip/x-tools/arm-etfbl-linux-gnueabihf/bin/arm-linux-c++  -v -rdynamic CMakeFiles/cmTC_0fc61.dir/CMakeCXXCompilerABI.cpp.o -o cmTC_0fc61 
Using built-in specs.
COLLECT_GCC=/home/filip/x-tools/arm-etfbl-linux-gnueabihf/bin/arm-linux-c++
COLLECT_LTO_WRAPPER=/home/filip/x-tools/arm-etfbl-linux-gnueabihf/libexec/gcc/arm-etfbl-linux-gnueabihf/13.2.0/lto-wrapper
Target: arm-etfbl-linux-gnueabihf
Configured with: /home/filip/crosstool-ng/.build/arm-etfbl-linux-gnueabihf/src/gcc/configure --build=x86_64-build_pc-linux-gnu --host=x86_64-build_pc-linux-gnu --target=arm-etfbl-linux-gnueabihf --prefix=/home/filip/x-tools/arm-etfbl-linux-gnueabihf --exec_prefix=/home/filip/x-tools/arm-etfbl-linux-gnueabihf --with-sysroot=/home/filip/x-tools/arm-etfbl-linux-gnueabihf/arm-etfbl-linux-gnueabihf/sysroot --enable-languages=c,c++ --with-cpu=cortex-a9 --with-fpu=neon --with-float=hard --with-pkgversion='crosstool-NG 1.26.0' --enable-__cxa_atexit --disable-libmudflap --disable-libgomp --disable-libssp --disable-libquadmath --disable-libquadmath-support --disable-libsanitizer --disable-libmpx --with-gmp=/home/filip/crosstool-ng/.build/arm-etfbl-linux-gnueabihf/buildtools --with-mpfr=/home/filip/crosstool-ng/.build/arm-etfbl-linux-gnueabihf/buildtools --with-mpc=/home/filip/crosstool-ng/.build/arm-etfbl-linux-gnueabihf/buildtools --with-isl=/home/filip/crosstool-ng/.build/arm-etfbl-linux-gnueabihf/buildtools --enable-lto --enable-threads=posix --enable-plugin --enable-gold --with-libintl-prefix=/home/filip/crosstool-ng/.build/arm-etfbl-linux-gnueabihf/buildtools --disable-multilib --with-local-prefix=/home/filip/x-tools/arm-etfbl-linux-gnueabihf/arm-etfbl-linux-gnueabihf/sysroot --enable-long-long
Thread model: posix
Supported LTO compression algorithms: zlib zstd
gcc version 13.2.0 (crosstool-NG 1.26.0) 
COMPILER_PATH=/home/filip/x-tools/arm-etfbl-linux-gnueabihf/libexec/gcc/arm-etfbl-linux-gnueabihf/13.2.0/:/home/filip/x-tools/arm-etfbl-linux-gnueabihf/libexec/gcc/arm-etfbl-linux-gnueabihf/13.2.0/:/home/filip/x-tools/arm-etfbl-linux-gnueabihf/libexec/gcc/arm-etfbl-linux-gnueabihf/:/home/filip/x-tools/arm-etfbl-linux-gnueabihf/lib/gcc/arm-etfbl-linux-gnueabihf/13.2.0/:/home/filip/x-tools/arm-etfbl-linux-gnueabihf/lib/gcc/arm-etfbl-linux-gnueabihf/:/home/filip/x-tools/arm-etfbl-linux-gnueabihf/lib/gcc/arm-etfbl-linux-gnueabihf/13.2.0/../../../../arm-etfbl-linux-gnueabihf/bin/
LIBRARY_PATH=/home/filip/x-tools/arm-etfbl-linux-gnueabihf/lib/gcc/arm-etfbl-linux-gnueabihf/13.2.0/:/home/filip/x-tools/arm-etfbl-linux-gnueabihf/lib/gcc/arm-etfbl-linux-gnueabihf/13.2.0/../../../../arm-etfbl-linux-gnueabihf/lib/:/home/filip/x-tools/arm-etfbl-linux-gnueabihf/arm-etfbl-linux-gnueabihf/sysroot/lib/:/home/filip/x-tools/arm-etfbl-linux-gnueabihf/arm-etfbl-linux-gnueabihf/sysroot/usr/lib/
COLLECT_GCC_OPTIONS='-v' '-rdynamic' '-o' 'cmTC_0fc61' '-shared-libgcc' '-mcpu=cortex-a9' '-mfloat-abi=hard' '-mfpu=neon' '-mtls-dialect=gnu' '-marm' '-mlibarch=armv7-a+mp+sec+simd' '-march=armv7-a+mp+sec+simd' '-dumpdir' 'cmTC_0fc61.'
 /home/filip/x-tools/arm-etfbl-linux-gnueabihf/libexec/gcc/arm-etfbl-linux-gnueabihf/13.2.0/collect2 -plugin /home/filip/x-tools/arm-etfbl-linux-gnueabihf/libexec/gcc/arm-etfbl-linux-gnueabihf/13.2.0/liblto_plugin.so -plugin-opt=/home/filip/x-tools/arm-etfbl-linux-gnueabihf/libexec/gcc/arm-etfbl-linux-gnueabihf/13.2.0/lto-wrapper -plugin-opt=-fresolution=/tmp/ccxkdIHK.res -plugin-opt=-pass-through=-lgcc_s -plugin-opt=-pass-through=-lgcc -plugin-opt=-pass-through=-lc -plugin-opt=-pass-through=-lgcc_s -plugin-opt=-pass-through=-lgcc --sysroot=/home/filip/x-tools/arm-etfbl-linux-gnueabihf/arm-etfbl-linux-gnueabihf/sysroot --eh-frame-hdr -export-dynamic -dynamic-linker /lib/ld-linux-armhf.so.3 -X -m armelf_linux_eabi -o cmTC_0fc61 /home/filip/x-tools/arm-etfbl-linux-gnueabihf/arm-etfbl-linux-gnueabihf/sysroot/usr/lib/crt1.o /home/filip/x-tools/arm-etfbl-linux-gnueabihf/arm-etfbl-linux-gnueabihf/sysroot/usr/lib/crti.o /home/filip/x-tools/arm-etfbl-linux-gnueabihf/lib/gcc/arm-etfbl-linux-gnueabihf/13.2.0/crtbegin.o -L/home/filip/x-tools/arm-etfbl-linux-gnueabihf/lib/gcc/arm-etfbl-linux-gnueabihf/13.2.0 -L/home/filip/x-tools/arm-etfbl-linux-gnueabihf/lib/gcc/arm-etfbl-linux-gnueabihf/13.2.0/../../../../arm-etfbl-linux-gnueabihf/lib -L/home/filip/x-tools/arm-etfbl-linux-gnueabihf/arm-etfbl-linux-gnueabihf/sysroot/lib -L/home/filip/x-tools/arm-etfbl-linux-gnueabihf/arm-etfbl-linux-gnueabihf/sysroot/usr/lib CMakeFiles/cmTC_0fc61.dir/CMakeCXXCompilerABI.cpp.o -lstdc++ -lm -lgcc_s -lgcc -lc -lgcc_s -lgcc /home/filip/x-tools/arm-etfbl-linux-gnueabihf/lib/gcc/arm-etfbl-linux-gnueabihf/13.2.0/crtend.o /home/filip/x-tools/arm-etfbl-linux-gnueabihf/arm-etfbl-linux-gnueabihf/sysroot/usr/lib/crtn.o
COLLECT_GCC_OPTIONS='-v' '-rdynamic' '-o' 'cmTC_0fc61' '-shared-libgcc' '-mcpu=cortex-a9' '-mfloat-abi=hard' '-mfpu=neon' '-mtls-dialect=gnu' '-marm' '-mlibarch=armv7-a+mp+sec+simd' '-march=armv7-a+mp+sec+simd' '-dumpdir' 'cmTC_0fc61.'
gmake[1]: Leaving directory '/home/filip/Desktop/Reporziturijum/urs-2024/lab-02/app-cmake/build/CMakeFiles/CMakeTmp'



Parsed CXX implicit include dir info from above output: rv=done
  found start of include info
  found start of implicit include info
    add: [/home/filip/x-tools/arm-etfbl-linux-gnueabihf/lib/gcc/arm-etfbl-linux-gnueabihf/13.2.0/../../../../arm-etfbl-linux-gnueabihf/include/c++/13.2.0]
    add: [/home/filip/x-tools/arm-etfbl-linux-gnueabihf/lib/gcc/arm-etfbl-linux-gnueabihf/13.2.0/../../../../arm-etfbl-linux-gnueabihf/include/c++/13.2.0/arm-etfbl-linux-gnueabihf]
    add: [/home/filip/x-tools/arm-etfbl-linux-gnueabihf/lib/gcc/arm-etfbl-linux-gnueabihf/13.2.0/../../../../arm-etfbl-linux-gnueabihf/include/c++/13.2.0/backward]
    add: [/home/filip/x-tools/arm-etfbl-linux-gnueabihf/lib/gcc/arm-etfbl-linux-gnueabihf/13.2.0/include]
    add: [/home/filip/x-tools/arm-etfbl-linux-gnueabihf/lib/gcc/arm-etfbl-linux-gnueabihf/13.2.0/include-fixed]
    add: [/home/filip/x-tools/arm-etfbl-linux-gnueabihf/lib/gcc/arm-etfbl-linux-gnueabihf/13.2.0/../../../../arm-etfbl-linux-gnueabihf/include]
    add: [/home/filip/x-tools/arm-etfbl-linux-gnueabihf/arm-etfbl-linux-gnueabihf/sysroot/usr/include]
  end of search list found
  collapse include dir [/home/filip/x-tools/arm-etfbl-linux-gnueabihf/lib/gcc/arm-etfbl-linux-gnueabihf/13.2.0/../../../../arm-etfbl-linux-gnueabihf/include/c++/13.2.0] ==> [/home/filip/x-tools/arm-etfbl-linux-gnueabihf/arm-etfbl-linux-gnueabihf/include/c++/13.2.0]
  collapse include dir [/home/filip/x-tools/arm-etfbl-linux-gnueabihf/lib/gcc/arm-etfbl-linux-gnueabihf/13.2.0/../../../../arm-etfbl-linux-gnueabihf/include/c++/13.2.0/arm-etfbl-linux-gnueabihf] ==> [/home/filip/x-tools/arm-etfbl-linux-gnueabihf/arm-etfbl-linux-gnueabihf/include/c++/13.2.0/arm-etfbl-linux-gnueabihf]
  collapse include dir [/home/filip/x-tools/arm-etfbl-linux-gnueabihf/lib/gcc/arm-etfbl-linux-gnueabihf/13.2.0/../../../../arm-etfbl-linux-gnueabihf/include/c++/13.2.0/backward] ==> [/home/filip/x-tools/arm-etfbl-linux-gnueabihf/arm-etfbl-linux-gnueabihf/include/c++/13.2.0/backward]
  collapse include dir [/home/filip/x-tools/arm-etfbl-linux-gnueabihf/lib/gcc/arm-etfbl-linux-gnueabihf/13.2.0/include] ==> [/home/filip/x-tools/arm-etfbl-linux-gnueabihf/lib/gcc/arm-etfbl-linux-gnueabihf/13.2.0/include]
  collapse include dir [/home/filip/x-tools/arm-etfbl-linux-gnueabihf/lib/gcc/arm-etfbl-linux-gnueabihf/13.2.0/include-fixed] ==> [/home/filip/x-tools/arm-etfbl-linux-gnueabihf/lib/gcc/arm-etfbl-linux-gnueabihf/13.2.0/include-fixed]
  collapse include dir [/home/filip/x-tools/arm-etfbl-linux-gnueabihf/lib/gcc/arm-etfbl-linux-gnueabihf/13.2.0/../../../../arm-etfbl-linux-gnueabihf/include] ==> [/home/filip/x-tools/arm-etfbl-linux-gnueabihf/arm-etfbl-linux-gnueabihf/include]
  collapse include dir [/home/filip/x-tools/arm-etfbl-linux-gnueabihf/arm-etfbl-linux-gnueabihf/sysroot/usr/include] ==> [/home/filip/x-tools/arm-etfbl-linux-gnueabihf/arm-etfbl-linux-gnueabihf/sysroot/usr/include]
  implicit include dirs: [/home/filip/x-tools/arm-etfbl-linux-gnueabihf/arm-etfbl-linux-gnueabihf/include/c++/13.2.0;/home/filip/x-tools/arm-etfbl-linux-gnueabihf/arm-etfbl-linux-gnueabihf/include/c++/13.2.0/arm-etfbl-linux-gnueabihf;/home/filip/x-tools/arm-etfbl-linux-gnueabihf/arm-etfbl-linux-gnueabihf/include/c++/13.2.0/backward;/home/filip/x-tools/arm-etfbl-linux-gnueabihf/lib/gcc/arm-etfbl-linux-gnueabihf/13.2.0/include;/home/filip/x-tools/arm-etfbl-linux-gnueabihf/lib/gcc/arm-etfbl-linux-gnueabihf/13.2.0/include-fixed;/home/filip/x-tools/arm-etfbl-linux-gnueabihf/arm-etfbl-linux-gnueabihf/include;/home/filip/x-tools/arm-etfbl-linux-gnueabihf/arm-etfbl-linux-gnueabihf/sysroot/usr/include]


Parsed CXX implicit link information from above output:
  link line regex: [^( *|.*[/\])(arm-linux-ld|CMAKE_LINK_STARTFILE-NOTFOUND|([^/\]+-)?ld|collect2)[^/\]*( |$)]
  ignore line: [Change Dir: /home/filip/Desktop/Reporziturijum/urs-2024/lab-02/app-cmake/build/CMakeFiles/CMakeTmp]
  ignore line: []
  ignore line: [Run Build Command(s):/usr/bin/gmake -f Makefile cmTC_0fc61/fast && /usr/bin/gmake  -f CMakeFiles/cmTC_0fc61.dir/build.make CMakeFiles/cmTC_0fc61.dir/build]
  ignore line: [gmake[1]: Entering directory '/home/filip/Desktop/Reporziturijum/urs-2024/lab-02/app-cmake/build/CMakeFiles/CMakeTmp']
  ignore line: [Building CXX object CMakeFiles/cmTC_0fc61.dir/CMakeCXXCompilerABI.cpp.o]
  ignore line: [/home/filip/x-tools/arm-etfbl-linux-gnueabihf/bin/arm-linux-c++   -v -o CMakeFiles/cmTC_0fc61.dir/CMakeCXXCompilerABI.cpp.o -c /usr/share/cmake-3.22/Modules/CMakeCXXCompilerABI.cpp]
  ignore line: [Using built-in specs.]
  ignore line: [COLLECT_GCC=/home/filip/x-tools/arm-etfbl-linux-gnueabihf/bin/arm-linux-c++]
  ignore line: [Target: arm-etfbl-linux-gnueabihf]
  ignore line: [Configured with: /home/filip/crosstool-ng/.build/arm-etfbl-linux-gnueabihf/src/gcc/configure --build=x86_64-build_pc-linux-gnu --host=x86_64-build_pc-linux-gnu --target=arm-etfbl-linux-gnueabihf --prefix=/home/filip/x-tools/arm-etfbl-linux-gnueabihf --exec_prefix=/home/filip/x-tools/arm-etfbl-linux-gnueabihf --with-sysroot=/home/filip/x-tools/arm-etfbl-linux-gnueabihf/arm-etfbl-linux-gnueabihf/sysroot --enable-languages=c c++ --with-cpu=cortex-a9 --with-fpu=neon --with-float=hard --with-pkgversion='crosstool-NG 1.26.0' --enable-__cxa_atexit --disable-libmudflap --disable-libgomp --disable-libssp --disable-libquadmath --disable-libquadmath-support --disable-libsanitizer --disable-libmpx --with-gmp=/home/filip/crosstool-ng/.build/arm-etfbl-linux-gnueabihf/buildtools --with-mpfr=/home/filip/crosstool-ng/.build/arm-etfbl-linux-gnueabihf/buildtools --with-mpc=/home/filip/crosstool-ng/.build/arm-etfbl-linux-gnueabihf/buildtools --with-isl=/home/filip/crosstool-ng/.build/arm-etfbl-linux-gnueabihf/buildtools --enable-lto --enable-threads=posix --enable-plugin --enable-gold --with-libintl-prefix=/home/filip/crosstool-ng/.build/arm-etfbl-linux-gnueabihf/buildtools --disable-multilib --with-local-prefix=/home/filip/x-tools/arm-etfbl-linux-gnueabihf/arm-etfbl-linux-gnueabihf/sysroot --enable-long-long]
  ignore line: [Thread model: posix]
  ignore line: [Supported LTO compression algorithms: zlib zstd]
  ignore line: [gcc version 13.2.0 (crosstool-NG 1.26.0) ]
  ignore line: [COLLECT_GCC_OPTIONS='-v' '-o' 'CMakeFiles/cmTC_0fc61.dir/CMakeCXXCompilerABI.cpp.o' '-c' '-shared-libgcc' '-mcpu=cortex-a9' '-mfloat-abi=hard' '-mfpu=neon' '-mtls-dialect=gnu' '-marm' '-mlibarch=armv7-a+mp+sec+simd' '-march=armv7-a+mp+sec+simd' '-dumpdir' 'CMakeFiles/cmTC_0fc61.dir/']
  ignore line: [ /home/filip/x-tools/arm-etfbl-linux-gnueabihf/libexec/gcc/arm-etfbl-linux-gnueabihf/13.2.0/cc1plus -quiet -v -D_GNU_SOURCE /usr/share/cmake-3.22/Modules/CMakeCXXCompilerABI.cpp -quiet -dumpdir CMakeFiles/cmTC_0fc61.dir/ -dumpbase CMakeCXXCompilerABI.cpp.cpp -dumpbase-ext .cpp -mcpu=cortex-a9 -mfloat-abi=hard -mfpu=neon -mtls-dialect=gnu -marm -mlibarch=armv7-a+mp+sec+simd -march=armv7-a+mp+sec+simd -version -o /tmp/ccuX0Ci0.s]
  ignore line: [GNU C++17 (crosstool-NG 1.26.0) version 13.2.0 (arm-etfbl-linux-gnueabihf)]
  ignore line: [	compiled by GNU C version 11.4.0  GMP version 6.2.1  MPFR version 4.2.1  MPC version 1.2.1  isl version isl-0.26-GMP]
  ignore line: []
  ignore line: [GGC heuristics: --param ggc-min-expand=100 --param ggc-min-heapsize=131072]
  ignore line: [ignoring nonexistent directory "/home/filip/x-tools/arm-etfbl-linux-gnueabihf/arm-etfbl-linux-gnueabihf/sysroot/home/filip/x-tools/arm-etfbl-linux-gnueabihf/arm-etfbl-linux-gnueabihf/sysroot/include"]
  ignore line: [#include "..." search starts here:]
  ignore line: [#include <...> search starts here:]
  ignore line: [ /home/filip/x-tools/arm-etfbl-linux-gnueabihf/lib/gcc/arm-etfbl-linux-gnueabihf/13.2.0/../../../../arm-etfbl-linux-gnueabihf/include/c++/13.2.0]
  ignore line: [ /home/filip/x-tools/arm-etfbl-linux-gnueabihf/lib/gcc/arm-etfbl-linux-gnueabihf/13.2.0/../../../../arm-etfbl-linux-gnueabihf/include/c++/13.2.0/arm-etfbl-linux-gnueabihf]
  ignore line: [ /home/filip/x-tools/arm-etfbl-linux-gnueabihf/lib/gcc/arm-etfbl-linux-gnueabihf/13.2.0/../../../../arm-etfbl-linux-gnueabihf/include/c++/13.2.0/backward]
  ignore line: [ /home/filip/x-tools/arm-etfbl-linux-gnueabihf/lib/gcc/arm-etfbl-linux-gnueabihf/13.2.0/include]
  ignore line: [ /home/filip/x-tools/arm-etfbl-linux-gnueabihf/lib/gcc/arm-etfbl-linux-gnueabihf/13.2.0/include-fixed]
  ignore line: [ /home/filip/x-tools/arm-etfbl-linux-gnueabihf/lib/gcc/arm-etfbl-linux-gnueabihf/13.2.0/../../../../arm-etfbl-linux-gnueabihf/include]
  ignore line: [ /home/filip/x-tools/arm-etfbl-linux-gnueabihf/arm-etfbl-linux-gnueabihf/sysroot/usr/include]
  ignore line: [End of search list.]
  ignore line: [Compiler executable checksum: 14c2f057dc885cd563735c1eeae5d6f3]
  ignore line: [COLLECT_GCC_OPTIONS='-v' '-o' 'CMakeFiles/cmTC_0fc61.dir/CMakeCXXCompilerABI.cpp.o' '-c' '-shared-libgcc' '-mcpu=cortex-a9' '-mfloat-abi=hard' '-mfpu=neon' '-mtls-dialect=gnu' '-marm' '-mlibarch=armv7-a+mp+sec+simd' '-march=armv7-a+mp+sec+simd' '-dumpdir' 'CMakeFiles/cmTC_0fc61.dir/']
  ignore line: [ /home/filip/x-tools/arm-etfbl-linux-gnueabihf/lib/gcc/arm-etfbl-linux-gnueabihf/13.2.0/../../../../arm-etfbl-linux-gnueabihf/bin/as -v -march=armv7-a+mp+sec+simd -mfloat-abi=hard -mfpu=neon -meabi=5 -o CMakeFiles/cmTC_0fc61.dir/CMakeCXXCompilerABI.cpp.o /tmp/ccuX0Ci0.s]
  ignore line: [GNU assembler version 2.40 (arm-etfbl-linux-gnueabihf) using BFD version (crosstool-NG 1.26.0) 2.40]
  ignore line: [COMPILER_PATH=/home/filip/x-tools/arm-etfbl-linux-gnueabihf/libexec/gcc/arm-etfbl-linux-gnueabihf/13.2.0/:/home/filip/x-tools/arm-etfbl-linux-gnueabihf/libexec/gcc/arm-etfbl-linux-gnueabihf/13.2.0/:/home/filip/x-tools/arm-etfbl-linux-gnueabihf/libexec/gcc/arm-etfbl-linux-gnueabihf/:/home/filip/x-tools/arm-etfbl-linux-gnueabihf/lib/gcc/arm-etfbl-linux-gnueabihf/13.2.0/:/home/filip/x-tools/arm-etfbl-linux-gnueabihf/lib/gcc/arm-etfbl-linux-gnueabihf/:/home/filip/x-tools/arm-etfbl-linux-gnueabihf/lib/gcc/arm-etfbl-linux-gnueabihf/13.2.0/../../../../arm-etfbl-linux-gnueabihf/bin/]
  ignore line: [LIBRARY_PATH=/home/filip/x-tools/arm-etfbl-linux-gnueabihf/lib/gcc/arm-etfbl-linux-gnueabihf/13.2.0/:/home/filip/x-tools/arm-etfbl-linux-gnueabihf/lib/gcc/arm-etfbl-linux-gnueabihf/13.2.0/../../../../arm-etfbl-linux-gnueabihf/lib/:/home/filip/x-tools/arm-etfbl-linux-gnueabihf/arm-etfbl-linux-gnueabihf/sysroot/lib/:/home/filip/x-tools/arm-etfbl-linux-gnueabihf/arm-etfbl-linux-gnueabihf/sysroot/usr/lib/]
  ignore line: [COLLECT_GCC_OPTIONS='-v' '-o' 'CMakeFiles/cmTC_0fc61.dir/CMakeCXXCompilerABI.cpp.o' '-c' '-shared-libgcc' '-mcpu=cortex-a9' '-mfloat-abi=hard' '-mfpu=neon' '-mtls-dialect=gnu' '-marm' '-mlibarch=armv7-a+mp+sec+simd' '-march=armv7-a+mp+sec+simd' '-dumpdir' 'CMakeFiles/cmTC_0fc61.dir/CMakeCXXCompilerABI.cpp.']
  ignore line: [Linking CXX executable cmTC_0fc61]
  ignore line: [/usr/bin/cmake -E cmake_link_script CMakeFiles/cmTC_0fc61.dir/link.txt --verbose=1]
  ignore line: [/home/filip/x-tools/arm-etfbl-linux-gnueabihf/bin/arm-linux-c++  -v -rdynamic CMakeFiles/cmTC_0fc61.dir/CMakeCXXCompilerABI.cpp.o -o cmTC_0fc61 ]
  ignore line: [Using built-in specs.]
  ignore line: [COLLECT_GCC=/home/filip/x-tools/arm-etfbl-linux-gnueabihf/bin/arm-linux-c++]
  ignore line: [COLLECT_LTO_WRAPPER=/home/filip/x-tools/arm-etfbl-linux-gnueabihf/libexec/gcc/arm-etfbl-linux-gnueabihf/13.2.0/lto-wrapper]
  ignore line: [Target: arm-etfbl-linux-gnueabihf]
  ignore line: [Configured with: /home/filip/crosstool-ng/.build/arm-etfbl-linux-gnueabihf/src/gcc/configure --build=x86_64-build_pc-linux-gnu --host=x86_64-build_pc-linux-gnu --target=arm-etfbl-linux-gnueabihf --prefix=/home/filip/x-tools/arm-etfbl-linux-gnueabihf --exec_prefix=/home/filip/x-tools/arm-etfbl-linux-gnueabihf --with-sysroot=/home/filip/x-tools/arm-etfbl-linux-gnueabihf/arm-etfbl-linux-gnueabihf/sysroot --enable-languages=c c++ --with-cpu=cortex-a9 --with-fpu=neon --with-float=hard --with-pkgversion='crosstool-NG 1.26.0' --enable-__cxa_atexit --disable-libmudflap --disable-libgomp --disable-libssp --disable-libquadmath --disable-libquadmath-support --disable-libsanitizer --disable-libmpx --with-gmp=/home/filip/crosstool-ng/.build/arm-etfbl-linux-gnueabihf/buildtools --with-mpfr=/home/filip/crosstool-ng/.build/arm-etfbl-linux-gnueabihf/buildtools --with-mpc=/home/filip/crosstool-ng/.build/arm-etfbl-linux-gnueabihf/buildtools --with-isl=/home/filip/crosstool-ng/.build/arm-etfbl-linux-gnueabihf/buildtools --enable-lto --enable-threads=posix --enable-plugin --enable-gold --with-libintl-prefix=/home/filip/crosstool-ng/.build/arm-etfbl-linux-gnueabihf/buildtools --disable-multilib --with-local-prefix=/home/filip/x-tools/arm-etfbl-linux-gnueabihf/arm-etfbl-linux-gnueabihf/sysroot --enable-long-long]
  ignore line: [Thread model: posix]
  ignore line: [Supported LTO compression algorithms: zlib zstd]
  ignore line: [gcc version 13.2.0 (crosstool-NG 1.26.0) ]
  ignore line: [COMPILER_PATH=/home/filip/x-tools/arm-etfbl-linux-gnueabihf/libexec/gcc/arm-etfbl-linux-gnueabihf/13.2.0/:/home/filip/x-tools/arm-etfbl-linux-gnueabihf/libexec/gcc/arm-etfbl-linux-gnueabihf/13.2.0/:/home/filip/x-tools/arm-etfbl-linux-gnueabihf/libexec/gcc/arm-etfbl-linux-gnueabihf/:/home/filip/x-tools/arm-etfbl-linux-gnueabihf/lib/gcc/arm-etfbl-linux-gnueabihf/13.2.0/:/home/filip/x-tools/arm-etfbl-linux-gnueabihf/lib/gcc/arm-etfbl-linux-gnueabihf/:/home/filip/x-tools/arm-etfbl-linux-gnueabihf/lib/gcc/arm-etfbl-linux-gnueabihf/13.2.0/../../../../arm-etfbl-linux-gnueabihf/bin/]
  ignore line: [LIBRARY_PATH=/home/filip/x-tools/arm-etfbl-linux-gnueabihf/lib/gcc/arm-etfbl-linux-gnueabihf/13.2.0/:/home/filip/x-tools/arm-etfbl-linux-gnueabihf/lib/gcc/arm-etfbl-linux-gnueabihf/13.2.0/../../../../arm-etfbl-linux-gnueabihf/lib/:/home/filip/x-tools/arm-etfbl-linux-gnueabihf/arm-etfbl-linux-gnueabihf/sysroot/lib/:/home/filip/x-tools/arm-etfbl-linux-gnueabihf/arm-etfbl-linux-gnueabihf/sysroot/usr/lib/]
  ignore line: [COLLECT_GCC_OPTIONS='-v' '-rdynamic' '-o' 'cmTC_0fc61' '-shared-libgcc' '-mcpu=cortex-a9' '-mfloat-abi=hard' '-mfpu=neon' '-mtls-dialect=gnu' '-marm' '-mlibarch=armv7-a+mp+sec+simd' '-march=armv7-a+mp+sec+simd' '-dumpdir' 'cmTC_0fc61.']
  link line: [ /home/filip/x-tools/arm-etfbl-linux-gnueabihf/libexec/gcc/arm-etfbl-linux-gnueabihf/13.2.0/collect2 -plugin /home/filip/x-tools/arm-etfbl-linux-gnueabihf/libexec/gcc/arm-etfbl-linux-gnueabihf/13.2.0/liblto_plugin.so -plugin-opt=/home/filip/x-tools/arm-etfbl-linux-gnueabihf/libexec/gcc/arm-etfbl-linux-gnueabihf/13.2.0/lto-wrapper -plugin-opt=-fresolution=/tmp/ccxkdIHK.res -plugin-opt=-pass-through=-lgcc_s -plugin-opt=-pass-through=-lgcc -plugin-opt=-pass-through=-lc -plugin-opt=-pass-through=-lgcc_s -plugin-opt=-pass-through=-lgcc --sysroot=/home/filip/x-tools/arm-etfbl-linux-gnueabihf/arm-etfbl-linux-gnueabihf/sysroot --eh-frame-hdr -export-dynamic -dynamic-linker /lib/ld-linux-armhf.so.3 -X -m armelf_linux_eabi -o cmTC_0fc61 /home/filip/x-tools/arm-etfbl-linux-gnueabihf/arm-etfbl-linux-gnueabihf/sysroot/usr/lib/crt1.o /home/filip/x-tools/arm-etfbl-linux-gnueabihf/arm-etfbl-linux-gnueabihf/sysroot/usr/lib/crti.o /home/filip/x-tools/arm-etfbl-linux-gnueabihf/lib/gcc/arm-etfbl-linux-gnueabihf/13.2.0/crtbegin.o -L/home/filip/x-tools/arm-etfbl-linux-gnueabihf/lib/gcc/arm-etfbl-linux-gnueabihf/13.2.0 -L/home/filip/x-tools/arm-etfbl-linux-gnueabihf/lib/gcc/arm-etfbl-linux-gnueabihf/13.2.0/../../../../arm-etfbl-linux-gnueabihf/lib -L/home/filip/x-tools/arm-etfbl-linux-gnueabihf/arm-etfbl-linux-gnueabihf/sysroot/lib -L/home/filip/x-tools/arm-etfbl-linux-gnueabihf/arm-etfbl-linux-gnueabihf/sysroot/usr/lib CMakeFiles/cmTC_0fc61.dir/CMakeCXXCompilerABI.cpp.o -lstdc++ -lm -lgcc_s -lgcc -lc -lgcc_s -lgcc /home/filip/x-tools/arm-etfbl-linux-gnueabihf/lib/gcc/arm-etfbl-linux-gnueabihf/13.2.0/crtend.o /home/filip/x-tools/arm-etfbl-linux-gnueabihf/arm-etfbl-linux-gnueabihf/sysroot/usr/lib/crtn.o]
    arg [/home/filip/x-tools/arm-etfbl-linux-gnueabihf/libexec/gcc/arm-etfbl-linux-gnueabihf/13.2.0/collect2] ==> ignore
    arg [-plugin] ==> ignore
    arg [/home/filip/x-tools/arm-etfbl-linux-gnueabihf/libexec/gcc/arm-etfbl-linux-gnueabihf/13.2.0/liblto_plugin.so] ==> ignore
    arg [-plugin-opt=/home/filip/x-tools/arm-etfbl-linux-gnueabihf/libexec/gcc/arm-etfbl-linux-gnueabihf/13.2.0/lto-wrapper] ==> ignore
    arg [-plugin-opt=-fresolution=/tmp/ccxkdIHK.res] ==> ignore
    arg [-plugin-opt=-pass-through=-lgcc_s] ==> ignore
    arg [-plugin-opt=-pass-through=-lgcc] ==> ignore
    arg [-plugin-opt=-pass-through=-lc] ==> ignore
    arg [-plugin-opt=-pass-through=-lgcc_s] ==> ignore
    arg [-plugin-opt=-pass-through=-lgcc] ==> ignore
    arg [--sysroot=/home/filip/x-tools/arm-etfbl-linux-gnueabihf/arm-etfbl-linux-gnueabihf/sysroot] ==> ignore
    arg [--eh-frame-hdr] ==> ignore
    arg [-export-dynamic] ==> ignore
    arg [-dynamic-linker] ==> ignore
    arg [/lib/ld-linux-armhf.so.3] ==> ignore
    arg [-X] ==> ignore
    arg [-m] ==> ignore
    arg [armelf_linux_eabi] ==> ignore
    arg [-o] ==> ignore
    arg [cmTC_0fc61] ==> ignore
    arg [/home/filip/x-tools/arm-etfbl-linux-gnueabihf/arm-etfbl-linux-gnueabihf/sysroot/usr/lib/crt1.o] ==> obj [/home/filip/x-tools/arm-etfbl-linux-gnueabihf/arm-etfbl-linux-gnueabihf/sysroot/usr/lib/crt1.o]
    arg [/home/filip/x-tools/arm-etfbl-linux-gnueabihf/arm-etfbl-linux-gnueabihf/sysroot/usr/lib/crti.o] ==> obj [/home/filip/x-tools/arm-etfbl-linux-gnueabihf/arm-etfbl-linux-gnueabihf/sysroot/usr/lib/crti.o]
    arg [/home/filip/x-tools/arm-etfbl-linux-gnueabihf/lib/gcc/arm-etfbl-linux-gnueabihf/13.2.0/crtbegin.o] ==> obj [/home/filip/x-tools/arm-etfbl-linux-gnueabihf/lib/gcc/arm-etfbl-linux-gnueabihf/13.2.0/crtbegin.o]
    arg [-L/home/filip/x-tools/arm-etfbl-linux-gnueabihf/lib/gcc/arm-etfbl-linux-gnueabihf/13.2.0] ==> dir [/home/filip/x-tools/arm-etfbl-linux-gnueabihf/lib/gcc/arm-etfbl-linux-gnueabihf/13.2.0]
    arg [-L/home/filip/x-tools/arm-etfbl-linux-gnueabihf/lib/gcc/arm-etfbl-linux-gnueabihf/13.2.0/../../../../arm-etfbl-linux-gnueabihf/lib] ==> dir [/home/filip/x-tools/arm-etfbl-linux-gnueabihf/lib/gcc/arm-etfbl-linux-gnueabihf/13.2.0/../../../../arm-etfbl-linux-gnueabihf/lib]
    arg [-L/home/filip/x-tools/arm-etfbl-linux-gnueabihf/arm-etfbl-linux-gnueabihf/sysroot/lib] ==> dir [/home/filip/x-tools/arm-etfbl-linux-gnueabihf/arm-etfbl-linux-gnueabihf/sysroot/lib]
    arg [-L/home/filip/x-tools/arm-etfbl-linux-gnueabihf/arm-etfbl-linux-gnueabihf/sysroot/usr/lib] ==> dir [/home/filip/x-tools/arm-etfbl-linux-gnueabihf/arm-etfbl-linux-gnueabihf/sysroot/usr/lib]
    arg [CMakeFiles/cmTC_0fc61.dir/CMakeCXXCompilerABI.cpp.o] ==> ignore
    arg [-lstdc++] ==> lib [stdc++]
    arg [-lm] ==> lib [m]
    arg [-lgcc_s] ==> lib [gcc_s]
    arg [-lgcc] ==> lib [gcc]
    arg [-lc] ==> lib [c]
    arg [-lgcc_s] ==> lib [gcc_s]
    arg [-lgcc] ==> lib [gcc]
    arg [/home/filip/x-tools/arm-etfbl-linux-gnueabihf/lib/gcc/arm-etfbl-linux-gnueabihf/13.2.0/crtend.o] ==> obj [/home/filip/x-tools/arm-etfbl-linux-gnueabihf/lib/gcc/arm-etfbl-linux-gnueabihf/13.2.0/crtend.o]
    arg [/home/filip/x-tools/arm-etfbl-linux-gnueabihf/arm-etfbl-linux-gnueabihf/sysroot/usr/lib/crtn.o] ==> obj [/home/filip/x-tools/arm-etfbl-linux-gnueabihf/arm-etfbl-linux-gnueabihf/sysroot/usr/lib/crtn.o]
  collapse library dir [/home/filip/x-tools/arm-etfbl-linux-gnueabihf/lib/gcc/arm-etfbl-linux-gnueabihf/13.2.0] ==> [/home/filip/x-tools/arm-etfbl-linux-gnueabihf/lib/gcc/arm-etfbl-linux-gnueabihf/13.2.0]
  collapse library dir [/home/filip/x-tools/arm-etfbl-linux-gnueabihf/lib/gcc/arm-etfbl-linux-gnueabihf/13.2.0/../../../../arm-etfbl-linux-gnueabihf/lib] ==> [/home/filip/x-tools/arm-etfbl-linux-gnueabihf/arm-etfbl-linux-gnueabihf/lib]
  collapse library dir [/home/filip/x-tools/arm-etfbl-linux-gnueabihf/arm-etfbl-linux-gnueabihf/sysroot/lib] ==> [/home/filip/x-tools/arm-etfbl-linux-gnueabihf/arm-etfbl-linux-gnueabihf/sysroot/lib]
  collapse library dir [/home/filip/x-tools/arm-etfbl-linux-gnueabihf/arm-etfbl-linux-gnueabihf/sysroot/usr/lib] ==> [/home/filip/x-tools/arm-etfbl-linux-gnueabihf/arm-etfbl-linux-gnueabihf/sysroot/usr/lib]
  implicit libs: [stdc++;m;gcc_s;gcc;c;gcc_s;gcc]
  implicit objs: [/home/filip/x-tools/arm-etfbl-linux-gnueabihf/arm-etfbl-linux-gnueabihf/sysroot/usr/lib/crt1.o;/home/filip/x-tools/arm-etfbl-linux-gnueabihf/arm-etfbl-linux-gnueabihf/sysroot/usr/lib/crti.o;/home/filip/x-tools/arm-etfbl-linux-gnueabihf/lib/gcc/arm-etfbl-linux-gnueabihf/13.2.0/crtbegin.o;/home/filip/x-tools/arm-etfbl-linux-gnueabihf/lib/gcc/arm-etfbl-linux-gnueabihf/13.2.0/crtend.o;/home/filip/x-tools/arm-etfbl-linux-gnueabihf/arm-etfbl-linux-gnueabihf/sysroot/usr/lib/crtn.o]
  implicit dirs: [/home/filip/x-tools/arm-etfbl-linux-gnueabihf/lib/gcc/arm-etfbl-linux-gnueabihf/13.2.0;/home/filip/x-tools/arm-etfbl-linux-gnueabihf/arm-etfbl-linux-gnueabihf/lib;/home/filip/x-tools/arm-etfbl-linux-gnueabihf/arm-etfbl-linux-gnueabihf/sysroot/lib;/home/filip/x-tools/arm-etfbl-linux-gnueabihf/arm-etfbl-linux-gnueabihf/sysroot/usr/lib]
  implicit fwks: []


